Unity Editor version:    2021.3.3f1 (af2e63e8f9bd)
Branch:                  2021.3/staging
Build type:              Release
Batch mode:              YES
macOS version:           Version 13.5 (Build 22G74)
Darwin version:          22.6.0
Architecture:            arm64
Running under Rosetta:   NO
Available memory:        16384 MB
Using pre-set license
Pro License: YES

COMMAND LINE ARGUMENTS:
/Applications/Unity/Hub/Editor/2021.3.3f1/Unity.app/Contents/MacOS/Unity
-adb2
-batchMode
-noUpm
-name
AssetImportWorker1
-projectPath
/Users/annguyen/Downloads/Princess-Rougelike/Princess_Rougelike
-logFile
Logs/AssetImportWorker1.log
-srvPort
60382
Successfully changed project path to: /Users/annguyen/Downloads/Princess-Rougelike/Princess_Rougelike
/Users/annguyen/Downloads/Princess-Rougelike/Princess_Rougelike
[UnityMemory] Configuration Parameters - Can be set up in boot.config
    "memorysetup-bucket-allocator-granularity=16"
    "memorysetup-bucket-allocator-bucket-count=8"
    "memorysetup-bucket-allocator-block-size=33554432"
    "memorysetup-bucket-allocator-block-count=8"
    "memorysetup-main-allocator-block-size=16777216"
    "memorysetup-thread-allocator-block-size=16777216"
    "memorysetup-gfx-main-allocator-block-size=16777216"
    "memorysetup-gfx-thread-allocator-block-size=16777216"
    "memorysetup-cache-allocator-block-size=4194304"
    "memorysetup-typetree-allocator-block-size=2097152"
    "memorysetup-profiler-bucket-allocator-granularity=16"
    "memorysetup-profiler-bucket-allocator-bucket-count=8"
    "memorysetup-profiler-bucket-allocator-block-size=33554432"
    "memorysetup-profiler-bucket-allocator-block-count=8"
    "memorysetup-profiler-allocator-block-size=16777216"
    "memorysetup-profiler-editor-allocator-block-size=1048576"
    "memorysetup-temp-allocator-size-main=16777216"
    "memorysetup-job-temp-allocator-block-size=2097152"
    "memorysetup-job-temp-allocator-block-size-background=1048576"
    "memorysetup-job-temp-allocator-reduction-small-platforms=262144"
    "memorysetup-temp-allocator-size-background-worker=32768"
    "memorysetup-temp-allocator-size-job-worker=262144"
    "memorysetup-temp-allocator-size-preload-manager=33554432"
    "memorysetup-temp-allocator-size-nav-mesh-worker=65536"
    "memorysetup-temp-allocator-size-audio-worker=65536"
    "memorysetup-temp-allocator-size-cloud-worker=32768"
    "memorysetup-temp-allocator-size-gi-baking-worker=262144"
    "memorysetup-temp-allocator-size-gfx=262144"
Refreshing native plugins compatible for Editor in 26.68 ms, found 2 plugins.
Preloading 0 native plugins for Editor in 0.00 ms.
Initialize engine version: 2021.3.3f1 (af2e63e8f9bd)
[Subsystems] Discovering subsystems at path /Applications/Unity/Hub/Editor/2021.3.3f1/Unity.app/Contents/Resources/UnitySubsystems
[Subsystems] Discovering subsystems at path /Users/annguyen/Downloads/Princess-Rougelike/Princess_Rougelike/Assets
GfxDevice: creating device client; threaded=0; jobified=0
 preferred device: Apple M1 (high power)
Metal devices available: 1
0: Apple M1 (high power)
Using device Apple M1 (high power)
Initializing Metal device caps: Apple M1
Initialize mono
Mono path[0] = '/Applications/Unity/Hub/Editor/2021.3.3f1/Unity.app/Contents/Managed'
Mono path[1] = '/Applications/Unity/Hub/Editor/2021.3.3f1/Unity.app/Contents/MonoBleedingEdge/lib/mono/unityjit-macos'
Mono config path = '/Applications/Unity/Hub/Editor/2021.3.3f1/Unity.app/Contents/MonoBleedingEdge/etc'
Using monoOptions --debugger-agent=transport=dt_socket,embedding=1,server=y,suspend=n,address=127.0.0.1:56665
Begin MonoManager ReloadAssembly
Registering precompiled unity dll's ...
Register platform support module: /Applications/Unity/Hub/Editor/2021.3.3f1/PlaybackEngines/WebGLSupport/UnityEditor.WebGL.Extensions.dll
Register platform support module: /Applications/Unity/Hub/Editor/2021.3.3f1/Unity.app/Contents/PlaybackEngines/MacStandaloneSupport/UnityEditor.OSXStandalone.Extensions.dll
Registered in 0.001442 seconds.
Native extension for OSXStandalone target not found
Native extension for WebGL target not found
Refreshing native plugins compatible for Editor in 24.90 ms, found 2 plugins.
Preloading 0 native plugins for Editor in 0.00 ms.
Mono: successfully reloaded assembly
- Completed reload, in  0.393 seconds
Domain Reload Profiling:
	ReloadAssembly (393ms)
		BeginReloadAssembly (64ms)
			ExecutionOrderSort (0ms)
			DisableScriptedObjects (0ms)
			BackupInstance (0ms)
			ReleaseScriptingObjects (0ms)
			CreateAndSetChildDomain (0ms)
		EndReloadAssembly (258ms)
			LoadAssemblies (65ms)
			RebuildTransferFunctionScriptingTraits (0ms)
			SetupTypeCache (74ms)
			ReleaseScriptCaches (0ms)
			RebuildScriptCaches (20ms)
			SetupLoadedEditorAssemblies (136ms)
				LogAssemblyErrors (0ms)
				InitializePlatformSupportModulesInManaged (4ms)
				SetLoadedEditorAssemblies (0ms)
				RefreshPlugins (25ms)
				BeforeProcessingInitializeOnLoad (1ms)
				ProcessInitializeOnLoadAttributes (81ms)
				ProcessInitializeOnLoadMethodAttributes (25ms)
				AfterProcessingInitializeOnLoad (0ms)
				EditorAssembliesLoaded (0ms)
			ExecutionOrderSort2 (0ms)
			AwakeInstancesAfterBackupRestoration (0ms)
Platform modules already initialized, skipping
Registering precompiled user dll's ...
Registered in 0.002803 seconds.
Begin MonoManager ReloadAssembly
Native extension for OSXStandalone target not found
Native extension for WebGL target not found
Refreshing native plugins compatible for Editor in 0.24 ms, found 2 plugins.
Preloading 0 native plugins for Editor in 0.00 ms.
Mono: successfully reloaded assembly
- Completed reload, in  0.549 seconds
Domain Reload Profiling:
	ReloadAssembly (549ms)
		BeginReloadAssembly (63ms)
			ExecutionOrderSort (0ms)
			DisableScriptedObjects (3ms)
			BackupInstance (0ms)
			ReleaseScriptingObjects (0ms)
			CreateAndSetChildDomain (18ms)
		EndReloadAssembly (413ms)
			LoadAssemblies (44ms)
			RebuildTransferFunctionScriptingTraits (0ms)
			SetupTypeCache (129ms)
			ReleaseScriptCaches (0ms)
			RebuildScriptCaches (33ms)
			SetupLoadedEditorAssemblies (182ms)
				LogAssemblyErrors (0ms)
				InitializePlatformSupportModulesInManaged (3ms)
				SetLoadedEditorAssemblies (0ms)
				RefreshPlugins (0ms)
				BeforeProcessingInitializeOnLoad (31ms)
				ProcessInitializeOnLoadAttributes (128ms)
				ProcessInitializeOnLoadMethodAttributes (18ms)
				AfterProcessingInitializeOnLoad (1ms)
				EditorAssembliesLoaded (0ms)
			ExecutionOrderSort2 (0ms)
			AwakeInstancesAfterBackupRestoration (2ms)
Platform modules already initialized, skipping
========================================================================
Worker process is ready to serve import requests
Launching external process: /Applications/Unity/Hub/Editor/2021.3.3f1/Unity.app/Contents/Tools/UnityShaderCompiler
Launched and connected shader compiler UnityShaderCompiler after 0.08 seconds
Refreshing native plugins compatible for Editor in 0.32 ms, found 2 plugins.
Preloading 0 native plugins for Editor in 0.00 ms.
Unloading 1756 Unused Serialized files (Serialized files now loaded: 0)
Unloading 19 unused Assets / (39.9 KB). Loaded Objects now: 2222.
Memory consumption went from 74.9 MB to 74.9 MB.
Total: 2.342375 ms (FindLiveObjects: 0.075333 ms CreateObjectMapping: 0.022459 ms MarkObjects: 2.187875 ms  DeleteObjects: 0.055667 ms)

AssetImportParameters requested are different than current active one (requested -> active):
  custom:video-decoder-ogg-theora: a1e56fd34408186e4bbccfd4996cb3dc -> 
  custom:container-muxer-webm: aa71ff27fc2769a1b78a27578f13a17b -> 
  custom:container-demuxer-webm: 4f35f7cbe854078d1ac9338744f61a02 -> 
  custom:video-encoder-webm-vp8: eb34c28f22e8b96e1ab97ce403110664 -> 
  custom:framework-osx-AVFoundation: e770b220cccbd017edd2c1fefb359320 -> 
  custom:audio-encoder-webm-vorbis: bf7c407c2cedff20999df2af8eb42d56 -> 
  custom:container-demuxer-ogg: 62fdf1f143b41e24485cea50d1cbac27 -> 
  custom:video-decoder-webm-vp8: 9c59270c3fd7afecdb556c50c9e8de78 -> 
  custom:audio-decoder-ogg-vorbis: bf7c407c2cedff20999df2af8eb42d56 -> 
========================================================================
Received Import Request.
  Time since last request: 493801.263422 seconds.
  path: Assets/Models/Club.fbx
  artifactKey: Guid(3a985eeb652fdc24cabe697d007e6903) Importer(815301076,1909f56bfc062723c751e8b465ee728b)
Start importing Assets/Models/Club.fbx using Guid(3a985eeb652fdc24cabe697d007e6903) Importer(815301076,1909f56bfc062723c751e8b465ee728b)  -> (artifact id: '9b8a4a51fef006803dff757835a3ffb4') in 0.306967 seconds 
========================================================================
Received Import Request.
  Time since last request: 0.002144 seconds.
  path: Assets/Models/Chest.fbx
  artifactKey: Guid(fb1e82545429fcd44af2c7799f6c0503) Importer(815301076,1909f56bfc062723c751e8b465ee728b)
Start importing Assets/Models/Chest.fbx using Guid(fb1e82545429fcd44af2c7799f6c0503) Importer(815301076,1909f56bfc062723c751e8b465ee728b)  -> (artifact id: '7e17a36e3fb109a1e2c721e463ca662a') in 0.037374 seconds 
========================================================================
Received Import Request.
  Time since last request: 0.000053 seconds.
  path: Assets/Models/Spear.fbx
  artifactKey: Guid(2b53ea043df136d4ca451aad2aaf45ea) Importer(815301076,1909f56bfc062723c751e8b465ee728b)
Start importing Assets/Models/Spear.fbx using Guid(2b53ea043df136d4ca451aad2aaf45ea) Importer(815301076,1909f56bfc062723c751e8b465ee728b)  -> (artifact id: '4e0d55f2b6d9187e80a559e22b9f908d') in 0.024245 seconds 
========================================================================
Received Import Request.
  Time since last request: 0.000060 seconds.
  path: Assets/Models/Animators
  artifactKey: Guid(7d457b3f33c9d7147861bd9ffadc53fe) Importer(815301076,1909f56bfc062723c751e8b465ee728b)
Start importing Assets/Models/Animators using Guid(7d457b3f33c9d7147861bd9ffadc53fe) Importer(815301076,1909f56bfc062723c751e8b465ee728b)  -> (artifact id: '1f628791ed37054b59c4c6fc5811dc7f') in 0.000520 seconds 
========================================================================
Received Import Request.
  Time since last request: 0.000037 seconds.
  path: Assets/Models/Gobolin.fbx
  artifactKey: Guid(cd2a246abeeb46244a070a485d240a59) Importer(815301076,1909f56bfc062723c751e8b465ee728b)
Start importing Assets/Models/Gobolin.fbx using Guid(cd2a246abeeb46244a070a485d240a59) Importer(815301076,1909f56bfc062723c751e8b465ee728b)  -> (artifact id: '2228e7b81c418966c233b7d858f3b330') in 0.029632 seconds 
========================================================================
Received Import Request.
  Time since last request: 0.001559 seconds.
  path: Assets/Models/Princessnw.fbx
  artifactKey: Guid(7a476e96cd4a7274e97443f8e990a5fa) Importer(815301076,1909f56bfc062723c751e8b465ee728b)
Start importing Assets/Models/Princessnw.fbx using Guid(7a476e96cd4a7274e97443f8e990a5fa) Importer(815301076,1909f56bfc062723c751e8b465ee728b)  -> (artifact id: 'fe3ca64e96b912d1c62ae62a51a118c9') in 0.022619 seconds 
========================================================================
Received Import Request.
  Time since last request: 0.000500 seconds.
  path: Assets/Models/Torch.fbx
  artifactKey: Guid(6736733754c9caf4394ae275bc26b306) Importer(815301076,1909f56bfc062723c751e8b465ee728b)
Start importing Assets/Models/Torch.fbx using Guid(6736733754c9caf4394ae275bc26b306) Importer(815301076,1909f56bfc062723c751e8b465ee728b)  -> (artifact id: 'a7caaea97edec7518741a8d2d05582fa') in 0.018535 seconds 
========================================================================
Received Import Request.
  Time since last request: 0.000057 seconds.
  path: Assets/Models/Animators/Chest.controller
  artifactKey: Guid(a9ab5998a7632f94c8a386a689b8632b) Importer(815301076,1909f56bfc062723c751e8b465ee728b)
Start importing Assets/Models/Animators/Chest.controller using Guid(a9ab5998a7632f94c8a386a689b8632b) Importer(815301076,1909f56bfc062723c751e8b465ee728b)  -> (artifact id: '80b012b60919d42b3c61abfef1d90ff3') in 0.034702 seconds 
========================================================================
Received Import Request.
  Time since last request: 0.633010 seconds.
  path: Assets/Models/Walls/WallA.fbx
  artifactKey: Guid(ec844d9e365601547a7b63801612a378) Importer(815301076,1909f56bfc062723c751e8b465ee728b)
Start importing Assets/Models/Walls/WallA.fbx using Guid(ec844d9e365601547a7b63801612a378) Importer(815301076,1909f56bfc062723c751e8b465ee728b)  -> (artifact id: 'c3bcaeb9985323042147b453fa2f17f3') in 0.065924 seconds 
========================================================================
Received Import Request.
  Time since last request: 0.002037 seconds.
  path: Assets/Models/Walls/WallBL.fbx
  artifactKey: Guid(563a0eb0b45ed6b418e31b83d48031ea) Importer(815301076,1909f56bfc062723c751e8b465ee728b)
Start importing Assets/Models/Walls/WallBL.fbx using Guid(563a0eb0b45ed6b418e31b83d48031ea) Importer(815301076,1909f56bfc062723c751e8b465ee728b)  -> (artifact id: '56c21978f4cf6e79fb9fa0e9e66e6dfd') in 0.009050 seconds 
========================================================================
Received Import Request.
  Time since last request: 0.000044 seconds.
  path: Assets/Models/Walls/WallTR.fbx
  artifactKey: Guid(3a1bffb29f5aca04fbc8e3b7cd9e9833) Importer(815301076,1909f56bfc062723c751e8b465ee728b)
Start importing Assets/Models/Walls/WallTR.fbx using Guid(3a1bffb29f5aca04fbc8e3b7cd9e9833) Importer(815301076,1909f56bfc062723c751e8b465ee728b)  -> (artifact id: '14ee76d2caac9c7a233738494528fb38') in 0.011604 seconds 
========================================================================
Received Import Request.
  Time since last request: 0.000044 seconds.
  path: Assets/Models/Walls/WallT.fbx
  artifactKey: Guid(76a67fb60caf4e044846961dfb75ac37) Importer(815301076,1909f56bfc062723c751e8b465ee728b)
Start importing Assets/Models/Walls/WallT.fbx using Guid(76a67fb60caf4e044846961dfb75ac37) Importer(815301076,1909f56bfc062723c751e8b465ee728b)  -> (artifact id: '89d3756c16d25746ca0a0d34437dceb2') in 0.007410 seconds 
========================================================================
Received Import Request.
  Time since last request: 0.000049 seconds.
  path: Assets/Models/Walls/WallB.fbx
  artifactKey: Guid(ecb37ea50a86ea64da73a4009c049945) Importer(815301076,1909f56bfc062723c751e8b465ee728b)
Start importing Assets/Models/Walls/WallB.fbx using Guid(ecb37ea50a86ea64da73a4009c049945) Importer(815301076,1909f56bfc062723c751e8b465ee728b)  -> (artifact id: 'b93ab47093db06557aa7c6ddccb3c395') in 0.010116 seconds 
========================================================================
Received Prepare
Refreshing native plugins compatible for Editor in 1.09 ms, found 2 plugins.
Preloading 0 native plugins for Editor in 0.00 ms.
Unloading 12 Unused Serialized files (Serialized files now loaded: 0)
Unloading 12 unused Assets / (21.9 KB). Loaded Objects now: 2267.
Memory consumption went from 211.4 MB to 211.3 MB.
Total: 2.653625 ms (FindLiveObjects: 0.114708 ms CreateObjectMapping: 0.025125 ms MarkObjects: 2.494708 ms  DeleteObjects: 0.018708 ms)

AssetImportParameters requested are different than current active one (requested -> active):
  custom:video-decoder-ogg-theora: a1e56fd34408186e4bbccfd4996cb3dc -> 
  custom:container-muxer-webm: aa71ff27fc2769a1b78a27578f13a17b -> 
  custom:container-demuxer-webm: 4f35f7cbe854078d1ac9338744f61a02 -> 
  custom:video-encoder-webm-vp8: eb34c28f22e8b96e1ab97ce403110664 -> 
  custom:framework-osx-AVFoundation: e770b220cccbd017edd2c1fefb359320 -> 
  custom:audio-encoder-webm-vorbis: bf7c407c2cedff20999df2af8eb42d56 -> 
  custom:container-demuxer-ogg: 62fdf1f143b41e24485cea50d1cbac27 -> 
  custom:video-decoder-webm-vp8: 9c59270c3fd7afecdb556c50c9e8de78 -> 
  custom:audio-decoder-ogg-vorbis: bf7c407c2cedff20999df2af8eb42d56 -> 
========================================================================
Received Prepare
Refreshing native plugins compatible for Editor in 1.09 ms, found 2 plugins.
Preloading 0 native plugins for Editor in 0.00 ms.
Unloading 12 Unused Serialized files (Serialized files now loaded: 0)
Unloading 12 unused Assets / (21.9 KB). Loaded Objects now: 2267.
Memory consumption went from 210.5 MB to 210.5 MB.
Total: 8.492333 ms (FindLiveObjects: 0.133167 ms CreateObjectMapping: 0.023250 ms MarkObjects: 8.315875 ms  DeleteObjects: 0.019250 ms)

AssetImportParameters requested are different than current active one (requested -> active):
  custom:video-decoder-ogg-theora: a1e56fd34408186e4bbccfd4996cb3dc -> 
  custom:container-muxer-webm: aa71ff27fc2769a1b78a27578f13a17b -> 
  custom:container-demuxer-webm: 4f35f7cbe854078d1ac9338744f61a02 -> 
  custom:video-encoder-webm-vp8: eb34c28f22e8b96e1ab97ce403110664 -> 
  custom:framework-osx-AVFoundation: e770b220cccbd017edd2c1fefb359320 -> 
  custom:audio-encoder-webm-vorbis: bf7c407c2cedff20999df2af8eb42d56 -> 
  custom:container-demuxer-ogg: 62fdf1f143b41e24485cea50d1cbac27 -> 
  custom:video-decoder-webm-vp8: 9c59270c3fd7afecdb556c50c9e8de78 -> 
  custom:audio-decoder-ogg-vorbis: bf7c407c2cedff20999df2af8eb42d56 -> 
========================================================================
Received Prepare
Registering precompiled user dll's ...
Registered in 0.001739 seconds.
Begin MonoManager ReloadAssembly
Thread 0x1729b7000 may have been prematurely finalized
Native extension for OSXStandalone target not found
Native extension for WebGL target not found
Refreshing native plugins compatible for Editor in 0.28 ms, found 2 plugins.
Preloading 0 native plugins for Editor in 0.00 ms.
Mono: successfully reloaded assembly
- Completed reload, in  0.868 seconds
Domain Reload Profiling:
	ReloadAssembly (869ms)
		BeginReloadAssembly (128ms)
			ExecutionOrderSort (0ms)
			DisableScriptedObjects (5ms)
			BackupInstance (0ms)
			ReleaseScriptingObjects (0ms)
			CreateAndSetChildDomain (58ms)
		EndReloadAssembly (637ms)
			LoadAssemblies (47ms)
			RebuildTransferFunctionScriptingTraits (0ms)
			SetupTypeCache (238ms)
			ReleaseScriptCaches (1ms)
			RebuildScriptCaches (40ms)
			SetupLoadedEditorAssemblies (268ms)
				LogAssemblyErrors (0ms)
				InitializePlatformSupportModulesInManaged (9ms)
				SetLoadedEditorAssemblies (0ms)
				RefreshPlugins (0ms)
				BeforeProcessingInitializeOnLoad (41ms)
				ProcessInitializeOnLoadAttributes (191ms)
				ProcessInitializeOnLoadMethodAttributes (25ms)
				AfterProcessingInitializeOnLoad (2ms)
				EditorAssembliesLoaded (0ms)
			ExecutionOrderSort2 (0ms)
			AwakeInstancesAfterBackupRestoration (4ms)
Platform modules already initialized, skipping
Refreshing native plugins compatible for Editor in 1.59 ms, found 2 plugins.
Preloading 0 native plugins for Editor in 0.00 ms.
Unloading 1736 Unused Serialized files (Serialized files now loaded: 0)
Unloading 12 unused Assets / (22.0 KB). Loaded Objects now: 2269.
Memory consumption went from 248.2 MB to 248.2 MB.
Total: 6.482625 ms (FindLiveObjects: 0.170542 ms CreateObjectMapping: 0.079625 ms MarkObjects: 6.198917 ms  DeleteObjects: 0.032292 ms)

AssetImportParameters requested are different than current active one (requested -> active):
  custom:video-decoder-ogg-theora: a1e56fd34408186e4bbccfd4996cb3dc -> 
  custom:container-muxer-webm: aa71ff27fc2769a1b78a27578f13a17b -> 
  custom:container-demuxer-webm: 4f35f7cbe854078d1ac9338744f61a02 -> 
  custom:video-encoder-webm-vp8: eb34c28f22e8b96e1ab97ce403110664 -> 
  custom:framework-osx-AVFoundation: e770b220cccbd017edd2c1fefb359320 -> 
  custom:audio-encoder-webm-vorbis: bf7c407c2cedff20999df2af8eb42d56 -> 
  custom:container-demuxer-ogg: 62fdf1f143b41e24485cea50d1cbac27 -> 
  custom:video-decoder-webm-vp8: 9c59270c3fd7afecdb556c50c9e8de78 -> 
  custom:audio-decoder-ogg-vorbis: bf7c407c2cedff20999df2af8eb42d56 -> 
========================================================================
Received Import Request.
  Time since last request: 1221.682077 seconds.
  path: Assets/Mats/aWall2.mat
  artifactKey: Guid(1aa2458904201ca48a1cefb7972c4202) Importer(815301076,1909f56bfc062723c751e8b465ee728b)
Start importing Assets/Mats/aWall2.mat using Guid(1aa2458904201ca48a1cefb7972c4202) Importer(815301076,1909f56bfc062723c751e8b465ee728b)  -> (artifact id: 'd62c14658a42410eb86cd4bb774d8baf') in 0.191171 seconds 
========================================================================
Received Import Request.
  Time since last request: 0.000067 seconds.
  path: Assets/Mats/Floor3.mat
  artifactKey: Guid(40f59083df022774987baf6e223a4469) Importer(815301076,1909f56bfc062723c751e8b465ee728b)
Start importing Assets/Mats/Floor3.mat using Guid(40f59083df022774987baf6e223a4469) Importer(815301076,1909f56bfc062723c751e8b465ee728b)  -> (artifact id: '5a5e101345dcf96d3f2d5f0a61f15651') in 0.007889 seconds 
========================================================================
Received Import Request.
  Time since last request: 0.000057 seconds.
  path: Assets/Mats/Wall.mat
  artifactKey: Guid(c164df8af4ca34887bbd5be26335e796) Importer(815301076,1909f56bfc062723c751e8b465ee728b)
Start importing Assets/Mats/Wall.mat using Guid(c164df8af4ca34887bbd5be26335e796) Importer(815301076,1909f56bfc062723c751e8b465ee728b)  -> (artifact id: '2ffdba30e5842cb88e9c1de9ca1f5cb3') in 0.008528 seconds 
========================================================================
Received Import Request.
  Time since last request: 0.000056 seconds.
  path: Assets/Mats/Fire.mat
  artifactKey: Guid(58eae85419cd8ae47a2848ad44c8b249) Importer(815301076,1909f56bfc062723c751e8b465ee728b)
Start importing Assets/Mats/Fire.mat using Guid(58eae85419cd8ae47a2848ad44c8b249) Importer(815301076,1909f56bfc062723c751e8b465ee728b)  -> (artifact id: '7be2898c1a21df656f631d5a7492299c') in 0.008688 seconds 
========================================================================
Received Import Request.
  Time since last request: 0.001760 seconds.
  path: Assets/Mats/Floor2.mat
  artifactKey: Guid(d64708d8513d3a349a628e17309a9145) Importer(815301076,1909f56bfc062723c751e8b465ee728b)
Start importing Assets/Mats/Floor2.mat using Guid(d64708d8513d3a349a628e17309a9145) Importer(815301076,1909f56bfc062723c751e8b465ee728b)  -> (artifact id: '7311f0be13634be1d3aadb2f3400b26f') in 0.007354 seconds 
========================================================================
Received Import Request.
  Time since last request: 0.000080 seconds.
  path: Assets/Mats/Princess.mat
  artifactKey: Guid(8fb495169bd972545ac010cde71ac964) Importer(815301076,1909f56bfc062723c751e8b465ee728b)
Start importing Assets/Mats/Princess.mat using Guid(8fb495169bd972545ac010cde71ac964) Importer(815301076,1909f56bfc062723c751e8b465ee728b)  -> (artifact id: '7b2a98f6bacdbc069028db474acfba28') in 0.010549 seconds 
========================================================================
Received Import Request.
  Time since last request: 0.000082 seconds.
  path: Assets/Mats/Wall3.mat
  artifactKey: Guid(edda0f0b672c420408230997077daef2) Importer(815301076,1909f56bfc062723c751e8b465ee728b)
Start importing Assets/Mats/Wall3.mat using Guid(edda0f0b672c420408230997077daef2) Importer(815301076,1909f56bfc062723c751e8b465ee728b)  -> (artifact id: '5cfa3eb3ee89035608d7f1f087ae6722') in 0.011381 seconds 
========================================================================
Received Import Request.
  Time since last request: 0.000109 seconds.
  path: Assets/Mats/slime.mat
  artifactKey: Guid(61ba91daa40b1fe4b986cdc6843695c3) Importer(815301076,1909f56bfc062723c751e8b465ee728b)
Start importing Assets/Mats/slime.mat using Guid(61ba91daa40b1fe4b986cdc6843695c3) Importer(815301076,1909f56bfc062723c751e8b465ee728b)  -> (artifact id: '0c32fcceda5b56cd4033577830e550f8') in 0.009193 seconds 
========================================================================
Received Import Request.
  Time since last request: 0.000410 seconds.
  path: Assets/Mats/Goblin.mat
  artifactKey: Guid(8a5ec77a6daf8da4db4b22a5272dbcc4) Importer(815301076,1909f56bfc062723c751e8b465ee728b)
Start importing Assets/Mats/Goblin.mat using Guid(8a5ec77a6daf8da4db4b22a5272dbcc4) Importer(815301076,1909f56bfc062723c751e8b465ee728b)  -> (artifact id: '619f435b7a6fcb4f2bb025bcaa532886') in 0.019737 seconds 
========================================================================
Received Import Request.
  Time since last request: 0.000093 seconds.
  path: Assets/Mats/aWall3.mat
  artifactKey: Guid(4f90f449e8bd51d4daae9407daf63a74) Importer(815301076,1909f56bfc062723c751e8b465ee728b)
Start importing Assets/Mats/aWall3.mat using Guid(4f90f449e8bd51d4daae9407daf63a74) Importer(815301076,1909f56bfc062723c751e8b465ee728b)  -> (artifact id: 'db918c4f442dccfca3d2c8a6d2e5f65a') in 0.014708 seconds 
========================================================================
Received Import Request.
  Time since last request: 0.000092 seconds.
  path: Assets/Mats/Wall2.mat
  artifactKey: Guid(52b2893e6bd08f341afdbdd80b5688e5) Importer(815301076,1909f56bfc062723c751e8b465ee728b)
Start importing Assets/Mats/Wall2.mat using Guid(52b2893e6bd08f341afdbdd80b5688e5) Importer(815301076,1909f56bfc062723c751e8b465ee728b)  -> (artifact id: '1e99e6f3587c901ff5490c7e19784025') in 0.014026 seconds 
========================================================================
Received Import Request.
  Time since last request: 0.000104 seconds.
  path: Assets/Mats/GoblinTexture.png
  artifactKey: Guid(898b246c7d84cfc4189a3b73a40a15af) Importer(815301076,1909f56bfc062723c751e8b465ee728b)
Start importing Assets/Mats/GoblinTexture.png using Guid(898b246c7d84cfc4189a3b73a40a15af) Importer(815301076,1909f56bfc062723c751e8b465ee728b)  -> (artifact id: '1b89aded40570e917556eb706357f99a') in 0.540496 seconds 
========================================================================
Received Prepare
Registering precompiled user dll's ...
Registered in 0.001556 seconds.
Begin MonoManager ReloadAssembly
Thread 0x16fe43000 may have been prematurely finalized
Native extension for OSXStandalone target not found
Native extension for WebGL target not found
Refreshing native plugins compatible for Editor in 0.28 ms, found 2 plugins.
Preloading 0 native plugins for Editor in 0.00 ms.
Mono: successfully reloaded assembly
- Completed reload, in  0.765 seconds
Domain Reload Profiling:
	ReloadAssembly (766ms)
		BeginReloadAssembly (87ms)
			ExecutionOrderSort (0ms)
			DisableScriptedObjects (3ms)
			BackupInstance (0ms)
			ReleaseScriptingObjects (0ms)
			CreateAndSetChildDomain (34ms)
		EndReloadAssembly (594ms)
			LoadAssemblies (36ms)
			RebuildTransferFunctionScriptingTraits (0ms)
			SetupTypeCache (174ms)
			ReleaseScriptCaches (1ms)
			RebuildScriptCaches (41ms)
			SetupLoadedEditorAssemblies (285ms)
				LogAssemblyErrors (0ms)
				InitializePlatformSupportModulesInManaged (9ms)
				SetLoadedEditorAssemblies (0ms)
				RefreshPlugins (0ms)
				BeforeProcessingInitializeOnLoad (40ms)
				ProcessInitializeOnLoadAttributes (205ms)
				ProcessInitializeOnLoadMethodAttributes (29ms)
				AfterProcessingInitializeOnLoad (2ms)
				EditorAssembliesLoaded (0ms)
			ExecutionOrderSort2 (0ms)
			AwakeInstancesAfterBackupRestoration (4ms)
Platform modules already initialized, skipping
Refreshing native plugins compatible for Editor in 1.61 ms, found 2 plugins.
Preloading 0 native plugins for Editor in 0.00 ms.
Unloading 1736 Unused Serialized files (Serialized files now loaded: 0)
Unloading 12 unused Assets / (22.1 KB). Loaded Objects now: 2274.
Memory consumption went from 410.3 MB to 410.2 MB.
Total: 6.159458 ms (FindLiveObjects: 0.165125 ms CreateObjectMapping: 0.080500 ms MarkObjects: 5.888125 ms  DeleteObjects: 0.023958 ms)

AssetImportParameters requested are different than current active one (requested -> active):
  custom:video-decoder-ogg-theora: a1e56fd34408186e4bbccfd4996cb3dc -> 
  custom:container-muxer-webm: aa71ff27fc2769a1b78a27578f13a17b -> 
  custom:container-demuxer-webm: 4f35f7cbe854078d1ac9338744f61a02 -> 
  custom:video-encoder-webm-vp8: eb34c28f22e8b96e1ab97ce403110664 -> 
  custom:framework-osx-AVFoundation: e770b220cccbd017edd2c1fefb359320 -> 
  custom:audio-encoder-webm-vorbis: bf7c407c2cedff20999df2af8eb42d56 -> 
  custom:container-demuxer-ogg: 62fdf1f143b41e24485cea50d1cbac27 -> 
  custom:video-decoder-webm-vp8: 9c59270c3fd7afecdb556c50c9e8de78 -> 
  custom:audio-decoder-ogg-vorbis: bf7c407c2cedff20999df2af8eb42d56 -> 
========================================================================
Received Prepare
Registering precompiled user dll's ...
Registered in 0.001678 seconds.
Begin MonoManager ReloadAssembly
Thread 0x16fe43000 may have been prematurely finalized
Native extension for OSXStandalone target not found
Native extension for WebGL target not found
Refreshing native plugins compatible for Editor in 0.34 ms, found 2 plugins.
Preloading 0 native plugins for Editor in 0.00 ms.
Mono: successfully reloaded assembly
- Completed reload, in  0.819 seconds
Domain Reload Profiling:
	ReloadAssembly (820ms)
		BeginReloadAssembly (88ms)
			ExecutionOrderSort (0ms)
			DisableScriptedObjects (4ms)
			BackupInstance (0ms)
			ReleaseScriptingObjects (0ms)
			CreateAndSetChildDomain (31ms)
		EndReloadAssembly (642ms)
			LoadAssemblies (39ms)
			RebuildTransferFunctionScriptingTraits (0ms)
			SetupTypeCache (200ms)
			ReleaseScriptCaches (1ms)
			RebuildScriptCaches (50ms)
			SetupLoadedEditorAssemblies (289ms)
				LogAssemblyErrors (0ms)
				InitializePlatformSupportModulesInManaged (10ms)
				SetLoadedEditorAssemblies (0ms)
				RefreshPlugins (0ms)
				BeforeProcessingInitializeOnLoad (47ms)
				ProcessInitializeOnLoadAttributes (201ms)
				ProcessInitializeOnLoadMethodAttributes (28ms)
				AfterProcessingInitializeOnLoad (2ms)
				EditorAssembliesLoaded (0ms)
			ExecutionOrderSort2 (0ms)
			AwakeInstancesAfterBackupRestoration (5ms)
Platform modules already initialized, skipping
Refreshing native plugins compatible for Editor in 1.64 ms, found 2 plugins.
Preloading 0 native plugins for Editor in 0.00 ms.
Unloading 1736 Unused Serialized files (Serialized files now loaded: 0)
Unloading 12 unused Assets / (22.0 KB). Loaded Objects now: 2277.
Memory consumption went from 413.8 MB to 413.8 MB.
Total: 6.297125 ms (FindLiveObjects: 0.175916 ms CreateObjectMapping: 0.081125 ms MarkObjects: 6.016208 ms  DeleteObjects: 0.022375 ms)

AssetImportParameters requested are different than current active one (requested -> active):
  custom:video-decoder-ogg-theora: a1e56fd34408186e4bbccfd4996cb3dc -> 
  custom:container-muxer-webm: aa71ff27fc2769a1b78a27578f13a17b -> 
  custom:container-demuxer-webm: 4f35f7cbe854078d1ac9338744f61a02 -> 
  custom:video-encoder-webm-vp8: eb34c28f22e8b96e1ab97ce403110664 -> 
  custom:framework-osx-AVFoundation: e770b220cccbd017edd2c1fefb359320 -> 
  custom:audio-encoder-webm-vorbis: bf7c407c2cedff20999df2af8eb42d56 -> 
  custom:container-demuxer-ogg: 62fdf1f143b41e24485cea50d1cbac27 -> 
  custom:video-decoder-webm-vp8: 9c59270c3fd7afecdb556c50c9e8de78 -> 
  custom:audio-decoder-ogg-vorbis: bf7c407c2cedff20999df2af8eb42d56 -> 
========================================================================
Received Prepare
Registering precompiled user dll's ...
Registered in 0.001589 seconds.
Begin MonoManager ReloadAssembly
Thread 0x16fe43000 may have been prematurely finalized
Native extension for OSXStandalone target not found
Native extension for WebGL target not found
Refreshing native plugins compatible for Editor in 0.31 ms, found 2 plugins.
Preloading 0 native plugins for Editor in 0.00 ms.
Mono: successfully reloaded assembly
- Completed reload, in  0.776 seconds
Domain Reload Profiling:
	ReloadAssembly (776ms)
		BeginReloadAssembly (95ms)
			ExecutionOrderSort (0ms)
			DisableScriptedObjects (5ms)
			BackupInstance (0ms)
			ReleaseScriptingObjects (0ms)
			CreateAndSetChildDomain (36ms)
		EndReloadAssembly (586ms)
			LoadAssemblies (38ms)
			RebuildTransferFunctionScriptingTraits (0ms)
			SetupTypeCache (188ms)
			ReleaseScriptCaches (1ms)
			RebuildScriptCaches (40ms)
			SetupLoadedEditorAssemblies (267ms)
				LogAssemblyErrors (0ms)
				InitializePlatformSupportModulesInManaged (9ms)
				SetLoadedEditorAssemblies (0ms)
				RefreshPlugins (0ms)
				BeforeProcessingInitializeOnLoad (41ms)
				ProcessInitializeOnLoadAttributes (190ms)
				ProcessInitializeOnLoadMethodAttributes (24ms)
				AfterProcessingInitializeOnLoad (2ms)
				EditorAssembliesLoaded (0ms)
			ExecutionOrderSort2 (0ms)
			AwakeInstancesAfterBackupRestoration (4ms)
Platform modules already initialized, skipping
Refreshing native plugins compatible for Editor in 1.68 ms, found 2 plugins.
Preloading 0 native plugins for Editor in 0.00 ms.
Unloading 1736 Unused Serialized files (Serialized files now loaded: 0)
Unloading 12 unused Assets / (22.1 KB). Loaded Objects now: 2280.
Memory consumption went from 417.3 MB to 417.2 MB.
Total: 7.809375 ms (FindLiveObjects: 0.306917 ms CreateObjectMapping: 0.072375 ms MarkObjects: 7.401750 ms  DeleteObjects: 0.027125 ms)

AssetImportParameters requested are different than current active one (requested -> active):
  custom:video-decoder-ogg-theora: a1e56fd34408186e4bbccfd4996cb3dc -> 
  custom:container-muxer-webm: aa71ff27fc2769a1b78a27578f13a17b -> 
  custom:container-demuxer-webm: 4f35f7cbe854078d1ac9338744f61a02 -> 
  custom:video-encoder-webm-vp8: eb34c28f22e8b96e1ab97ce403110664 -> 
  custom:framework-osx-AVFoundation: e770b220cccbd017edd2c1fefb359320 -> 
  custom:audio-encoder-webm-vorbis: bf7c407c2cedff20999df2af8eb42d56 -> 
  custom:container-demuxer-ogg: 62fdf1f143b41e24485cea50d1cbac27 -> 
  custom:video-decoder-webm-vp8: 9c59270c3fd7afecdb556c50c9e8de78 -> 
  custom:audio-decoder-ogg-vorbis: bf7c407c2cedff20999df2af8eb42d56 -> 
========================================================================
Received Prepare
Registering precompiled user dll's ...
Registered in 0.001581 seconds.
Begin MonoManager ReloadAssembly
Thread 0x16fe43000 may have been prematurely finalized
Native extension for OSXStandalone target not found
Native extension for WebGL target not found
Refreshing native plugins compatible for Editor in 0.34 ms, found 2 plugins.
Preloading 0 native plugins for Editor in 0.00 ms.
Mono: successfully reloaded assembly
- Completed reload, in  0.817 seconds
Domain Reload Profiling:
	ReloadAssembly (818ms)
		BeginReloadAssembly (97ms)
			ExecutionOrderSort (0ms)
			DisableScriptedObjects (5ms)
			BackupInstance (0ms)
			ReleaseScriptingObjects (0ms)
			CreateAndSetChildDomain (37ms)
		EndReloadAssembly (625ms)
			LoadAssemblies (39ms)
			RebuildTransferFunctionScriptingTraits (0ms)
			SetupTypeCache (214ms)
			ReleaseScriptCaches (1ms)
			RebuildScriptCaches (45ms)
			SetupLoadedEditorAssemblies (268ms)
				LogAssemblyErrors (0ms)
				InitializePlatformSupportModulesInManaged (10ms)
				SetLoadedEditorAssemblies (1ms)
				RefreshPlugins (0ms)
				BeforeProcessingInitializeOnLoad (42ms)
				ProcessInitializeOnLoadAttributes (190ms)
				ProcessInitializeOnLoadMethodAttributes (23ms)
				AfterProcessingInitializeOnLoad (2ms)
				EditorAssembliesLoaded (0ms)
			ExecutionOrderSort2 (0ms)
			AwakeInstancesAfterBackupRestoration (5ms)
Platform modules already initialized, skipping
Refreshing native plugins compatible for Editor in 1.55 ms, found 2 plugins.
Preloading 0 native plugins for Editor in 0.00 ms.
Unloading 1736 Unused Serialized files (Serialized files now loaded: 0)
Unloading 12 unused Assets / (21.9 KB). Loaded Objects now: 2283.
Memory consumption went from 420.8 MB to 420.7 MB.
Total: 6.024583 ms (FindLiveObjects: 0.167584 ms CreateObjectMapping: 0.079750 ms MarkObjects: 5.751667 ms  DeleteObjects: 0.024167 ms)

AssetImportParameters requested are different than current active one (requested -> active):
  custom:video-decoder-ogg-theora: a1e56fd34408186e4bbccfd4996cb3dc -> 
  custom:container-muxer-webm: aa71ff27fc2769a1b78a27578f13a17b -> 
  custom:container-demuxer-webm: 4f35f7cbe854078d1ac9338744f61a02 -> 
  custom:video-encoder-webm-vp8: eb34c28f22e8b96e1ab97ce403110664 -> 
  custom:framework-osx-AVFoundation: e770b220cccbd017edd2c1fefb359320 -> 
  custom:audio-encoder-webm-vorbis: bf7c407c2cedff20999df2af8eb42d56 -> 
  custom:container-demuxer-ogg: 62fdf1f143b41e24485cea50d1cbac27 -> 
  custom:video-decoder-webm-vp8: 9c59270c3fd7afecdb556c50c9e8de78 -> 
  custom:audio-decoder-ogg-vorbis: bf7c407c2cedff20999df2af8eb42d56 -> 
========================================================================
Received Prepare
Registering precompiled user dll's ...
Registered in 0.001726 seconds.
Begin MonoManager ReloadAssembly
Thread 0x16fe43000 may have been prematurely finalized
Native extension for OSXStandalone target not found
Native extension for WebGL target not found
Refreshing native plugins compatible for Editor in 0.28 ms, found 2 plugins.
Preloading 0 native plugins for Editor in 0.00 ms.
Mono: successfully reloaded assembly
- Completed reload, in  0.784 seconds
Domain Reload Profiling:
	ReloadAssembly (785ms)
		BeginReloadAssembly (86ms)
			ExecutionOrderSort (0ms)
			DisableScriptedObjects (4ms)
			BackupInstance (0ms)
			ReleaseScriptingObjects (0ms)
			CreateAndSetChildDomain (31ms)
		EndReloadAssembly (613ms)
			LoadAssemblies (35ms)
			RebuildTransferFunctionScriptingTraits (0ms)
			SetupTypeCache (179ms)
			ReleaseScriptCaches (1ms)
			RebuildScriptCaches (40ms)
			SetupLoadedEditorAssemblies (304ms)
				LogAssemblyErrors (0ms)
				InitializePlatformSupportModulesInManaged (9ms)
				SetLoadedEditorAssemblies (0ms)
				RefreshPlugins (0ms)
				BeforeProcessingInitializeOnLoad (44ms)
				ProcessInitializeOnLoadAttributes (220ms)
				ProcessInitializeOnLoadMethodAttributes (28ms)
				AfterProcessingInitializeOnLoad (2ms)
				EditorAssembliesLoaded (0ms)
			ExecutionOrderSort2 (0ms)
			AwakeInstancesAfterBackupRestoration (4ms)
Platform modules already initialized, skipping
Refreshing native plugins compatible for Editor in 0.86 ms, found 2 plugins.
Preloading 0 native plugins for Editor in 0.00 ms.
Unloading 1736 Unused Serialized files (Serialized files now loaded: 0)
Unloading 12 unused Assets / (22.0 KB). Loaded Objects now: 2286.
Memory consumption went from 424.3 MB to 424.2 MB.
Total: 3.384458 ms (FindLiveObjects: 0.111584 ms CreateObjectMapping: 0.038875 ms MarkObjects: 3.217625 ms  DeleteObjects: 0.015417 ms)

AssetImportParameters requested are different than current active one (requested -> active):
  custom:video-decoder-ogg-theora: a1e56fd34408186e4bbccfd4996cb3dc -> 
  custom:container-muxer-webm: aa71ff27fc2769a1b78a27578f13a17b -> 
  custom:container-demuxer-webm: 4f35f7cbe854078d1ac9338744f61a02 -> 
  custom:video-encoder-webm-vp8: eb34c28f22e8b96e1ab97ce403110664 -> 
  custom:framework-osx-AVFoundation: e770b220cccbd017edd2c1fefb359320 -> 
  custom:audio-encoder-webm-vorbis: bf7c407c2cedff20999df2af8eb42d56 -> 
  custom:container-demuxer-ogg: 62fdf1f143b41e24485cea50d1cbac27 -> 
  custom:video-decoder-webm-vp8: 9c59270c3fd7afecdb556c50c9e8de78 -> 
  custom:audio-decoder-ogg-vorbis: bf7c407c2cedff20999df2af8eb42d56 -> 
