Unity Editor version:    2021.3.3f1 (af2e63e8f9bd)
Branch:                  2021.3/staging
Build type:              Release
Batch mode:              YES
macOS version:           Version 13.5 (Build 22G74)
Darwin version:          22.6.0
Architecture:            arm64
Running under Rosetta:   NO
Available memory:        16384 MB
Using pre-set license
Pro License: YES

COMMAND LINE ARGUMENTS:
/Applications/Unity/Hub/Editor/2021.3.3f1/Unity.app/Contents/MacOS/Unity
-adb2
-batchMode
-noUpm
-name
AssetImportWorker0
-projectPath
/Users/annguyen/Downloads/Princess-Rougelike/Princess_Rougelike
-logFile
Logs/AssetImportWorker0.log
-srvPort
60223
Successfully changed project path to: /Users/annguyen/Downloads/Princess-Rougelike/Princess_Rougelike
/Users/annguyen/Downloads/Princess-Rougelike/Princess_Rougelike
[UnityMemory] Configuration Parameters - Can be set up in boot.config
    "memorysetup-bucket-allocator-granularity=16"
    "memorysetup-bucket-allocator-bucket-count=8"
    "memorysetup-bucket-allocator-block-size=33554432"
    "memorysetup-bucket-allocator-block-count=8"
    "memorysetup-main-allocator-block-size=16777216"
    "memorysetup-thread-allocator-block-size=16777216"
    "memorysetup-gfx-main-allocator-block-size=16777216"
    "memorysetup-gfx-thread-allocator-block-size=16777216"
    "memorysetup-cache-allocator-block-size=4194304"
    "memorysetup-typetree-allocator-block-size=2097152"
    "memorysetup-profiler-bucket-allocator-granularity=16"
    "memorysetup-profiler-bucket-allocator-bucket-count=8"
    "memorysetup-profiler-bucket-allocator-block-size=33554432"
    "memorysetup-profiler-bucket-allocator-block-count=8"
    "memorysetup-profiler-allocator-block-size=16777216"
    "memorysetup-profiler-editor-allocator-block-size=1048576"
    "memorysetup-temp-allocator-size-main=16777216"
    "memorysetup-job-temp-allocator-block-size=2097152"
    "memorysetup-job-temp-allocator-block-size-background=1048576"
    "memorysetup-job-temp-allocator-reduction-small-platforms=262144"
    "memorysetup-temp-allocator-size-background-worker=32768"
    "memorysetup-temp-allocator-size-job-worker=262144"
    "memorysetup-temp-allocator-size-preload-manager=33554432"
    "memorysetup-temp-allocator-size-nav-mesh-worker=65536"
    "memorysetup-temp-allocator-size-audio-worker=65536"
    "memorysetup-temp-allocator-size-cloud-worker=32768"
    "memorysetup-temp-allocator-size-gi-baking-worker=262144"
    "memorysetup-temp-allocator-size-gfx=262144"
Refreshing native plugins compatible for Editor in 36.19 ms, found 2 plugins.
Preloading 0 native plugins for Editor in 0.00 ms.
Initialize engine version: 2021.3.3f1 (af2e63e8f9bd)
[Subsystems] Discovering subsystems at path /Applications/Unity/Hub/Editor/2021.3.3f1/Unity.app/Contents/Resources/UnitySubsystems
[Subsystems] Discovering subsystems at path /Users/annguyen/Downloads/Princess-Rougelike/Princess_Rougelike/Assets
GfxDevice: creating device client; threaded=0; jobified=0
 preferred device: Apple M1 (high power)
Metal devices available: 1
0: Apple M1 (high power)
Using device Apple M1 (high power)
Initializing Metal device caps: Apple M1
Initialize mono
Mono path[0] = '/Applications/Unity/Hub/Editor/2021.3.3f1/Unity.app/Contents/Managed'
Mono path[1] = '/Applications/Unity/Hub/Editor/2021.3.3f1/Unity.app/Contents/MonoBleedingEdge/lib/mono/unityjit-macos'
Mono config path = '/Applications/Unity/Hub/Editor/2021.3.3f1/Unity.app/Contents/MonoBleedingEdge/etc'
Using monoOptions --debugger-agent=transport=dt_socket,embedding=1,server=y,suspend=n,address=127.0.0.1:56598
Begin MonoManager ReloadAssembly
Registering precompiled unity dll's ...
Register platform support module: /Applications/Unity/Hub/Editor/2021.3.3f1/PlaybackEngines/WebGLSupport/UnityEditor.WebGL.Extensions.dll
Register platform support module: /Applications/Unity/Hub/Editor/2021.3.3f1/Unity.app/Contents/PlaybackEngines/MacStandaloneSupport/UnityEditor.OSXStandalone.Extensions.dll
Registered in 0.002826 seconds.
Native extension for OSXStandalone target not found
Native extension for WebGL target not found
Refreshing native plugins compatible for Editor in 37.22 ms, found 2 plugins.
Preloading 0 native plugins for Editor in 0.00 ms.
Mono: successfully reloaded assembly
- Completed reload, in  0.546 seconds
Domain Reload Profiling:
	ReloadAssembly (547ms)
		BeginReloadAssembly (81ms)
			ExecutionOrderSort (0ms)
			DisableScriptedObjects (0ms)
			BackupInstance (0ms)
			ReleaseScriptingObjects (0ms)
			CreateAndSetChildDomain (1ms)
		EndReloadAssembly (365ms)
			LoadAssemblies (81ms)
			RebuildTransferFunctionScriptingTraits (0ms)
			SetupTypeCache (100ms)
			ReleaseScriptCaches (0ms)
			RebuildScriptCaches (29ms)
			SetupLoadedEditorAssemblies (196ms)
				LogAssemblyErrors (0ms)
				InitializePlatformSupportModulesInManaged (6ms)
				SetLoadedEditorAssemblies (0ms)
				RefreshPlugins (37ms)
				BeforeProcessingInitializeOnLoad (1ms)
				ProcessInitializeOnLoadAttributes (116ms)
				ProcessInitializeOnLoadMethodAttributes (35ms)
				AfterProcessingInitializeOnLoad (0ms)
				EditorAssembliesLoaded (0ms)
			ExecutionOrderSort2 (0ms)
			AwakeInstancesAfterBackupRestoration (0ms)
Platform modules already initialized, skipping
Registering precompiled user dll's ...
Registered in 0.001928 seconds.
Begin MonoManager ReloadAssembly
Native extension for OSXStandalone target not found
Native extension for WebGL target not found
Refreshing native plugins compatible for Editor in 0.29 ms, found 2 plugins.
Preloading 0 native plugins for Editor in 0.00 ms.
Mono: successfully reloaded assembly
- Completed reload, in  0.745 seconds
Domain Reload Profiling:
	ReloadAssembly (746ms)
		BeginReloadAssembly (78ms)
			ExecutionOrderSort (0ms)
			DisableScriptedObjects (5ms)
			BackupInstance (0ms)
			ReleaseScriptingObjects (0ms)
			CreateAndSetChildDomain (22ms)
		EndReloadAssembly (564ms)
			LoadAssemblies (45ms)
			RebuildTransferFunctionScriptingTraits (0ms)
			SetupTypeCache (171ms)
			ReleaseScriptCaches (0ms)
			RebuildScriptCaches (43ms)
			SetupLoadedEditorAssemblies (255ms)
				LogAssemblyErrors (0ms)
				InitializePlatformSupportModulesInManaged (4ms)
				SetLoadedEditorAssemblies (0ms)
				RefreshPlugins (0ms)
				BeforeProcessingInitializeOnLoad (45ms)
				ProcessInitializeOnLoadAttributes (183ms)
				ProcessInitializeOnLoadMethodAttributes (22ms)
				AfterProcessingInitializeOnLoad (1ms)
				EditorAssembliesLoaded (0ms)
			ExecutionOrderSort2 (0ms)
			AwakeInstancesAfterBackupRestoration (3ms)
Platform modules already initialized, skipping
========================================================================
Worker process is ready to serve import requests
Launching external process: /Applications/Unity/Hub/Editor/2021.3.3f1/Unity.app/Contents/Tools/UnityShaderCompiler
Launched and connected shader compiler UnityShaderCompiler after 0.07 seconds
Refreshing native plugins compatible for Editor in 0.28 ms, found 2 plugins.
Preloading 0 native plugins for Editor in 0.00 ms.
Unloading 1756 Unused Serialized files (Serialized files now loaded: 0)
Unloading 19 unused Assets / (39.8 KB). Loaded Objects now: 2221.
Memory consumption went from 74.6 MB to 74.6 MB.
Total: 2.990000 ms (FindLiveObjects: 0.092875 ms CreateObjectMapping: 0.033917 ms MarkObjects: 2.806500 ms  DeleteObjects: 0.056042 ms)

AssetImportParameters requested are different than current active one (requested -> active):
  custom:video-decoder-ogg-theora: a1e56fd34408186e4bbccfd4996cb3dc -> 
  custom:container-muxer-webm: aa71ff27fc2769a1b78a27578f13a17b -> 
  custom:container-demuxer-webm: 4f35f7cbe854078d1ac9338744f61a02 -> 
  custom:video-encoder-webm-vp8: eb34c28f22e8b96e1ab97ce403110664 -> 
  custom:framework-osx-AVFoundation: e770b220cccbd017edd2c1fefb359320 -> 
  custom:audio-encoder-webm-vorbis: bf7c407c2cedff20999df2af8eb42d56 -> 
  custom:container-demuxer-ogg: 62fdf1f143b41e24485cea50d1cbac27 -> 
  custom:video-decoder-webm-vp8: 9c59270c3fd7afecdb556c50c9e8de78 -> 
  custom:audio-decoder-ogg-vorbis: bf7c407c2cedff20999df2af8eb42d56 -> 
========================================================================
Received Prepare
Registering precompiled user dll's ...
Registered in 0.001750 seconds.
Begin MonoManager ReloadAssembly
Thread 0x2844c7000 may have been prematurely finalized
Native extension for OSXStandalone target not found
Native extension for WebGL target not found
Refreshing native plugins compatible for Editor in 0.25 ms, found 2 plugins.
Preloading 0 native plugins for Editor in 0.00 ms.
Mono: successfully reloaded assembly
- Completed reload, in  0.699 seconds
Domain Reload Profiling:
	ReloadAssembly (700ms)
		BeginReloadAssembly (95ms)
			ExecutionOrderSort (0ms)
			DisableScriptedObjects (5ms)
			BackupInstance (0ms)
			ReleaseScriptingObjects (0ms)
			CreateAndSetChildDomain (33ms)
		EndReloadAssembly (520ms)
			LoadAssemblies (40ms)
			RebuildTransferFunctionScriptingTraits (0ms)
			SetupTypeCache (166ms)
			ReleaseScriptCaches (1ms)
			RebuildScriptCaches (36ms)
			SetupLoadedEditorAssemblies (239ms)
				LogAssemblyErrors (0ms)
				InitializePlatformSupportModulesInManaged (8ms)
				SetLoadedEditorAssemblies (0ms)
				RefreshPlugins (0ms)
				BeforeProcessingInitializeOnLoad (36ms)
				ProcessInitializeOnLoadAttributes (172ms)
				ProcessInitializeOnLoadMethodAttributes (21ms)
				AfterProcessingInitializeOnLoad (1ms)
				EditorAssembliesLoaded (0ms)
			ExecutionOrderSort2 (0ms)
			AwakeInstancesAfterBackupRestoration (3ms)
Platform modules already initialized, skipping
Refreshing native plugins compatible for Editor in 0.73 ms, found 2 plugins.
Preloading 0 native plugins for Editor in 0.00 ms.
Unloading 1736 Unused Serialized files (Serialized files now loaded: 0)
Unloading 12 unused Assets / (21.9 KB). Loaded Objects now: 2224.
Memory consumption went from 76.5 MB to 76.5 MB.
Total: 2.890875 ms (FindLiveObjects: 0.092917 ms CreateObjectMapping: 0.034959 ms MarkObjects: 2.746334 ms  DeleteObjects: 0.016042 ms)

AssetImportParameters requested are different than current active one (requested -> active):
  custom:video-decoder-ogg-theora: a1e56fd34408186e4bbccfd4996cb3dc -> 
  custom:container-muxer-webm: aa71ff27fc2769a1b78a27578f13a17b -> 
  custom:container-demuxer-webm: 4f35f7cbe854078d1ac9338744f61a02 -> 
  custom:video-encoder-webm-vp8: eb34c28f22e8b96e1ab97ce403110664 -> 
  custom:framework-osx-AVFoundation: e770b220cccbd017edd2c1fefb359320 -> 
  custom:audio-encoder-webm-vorbis: bf7c407c2cedff20999df2af8eb42d56 -> 
  custom:container-demuxer-ogg: 62fdf1f143b41e24485cea50d1cbac27 -> 
  custom:video-decoder-webm-vp8: 9c59270c3fd7afecdb556c50c9e8de78 -> 
  custom:audio-decoder-ogg-vorbis: bf7c407c2cedff20999df2af8eb42d56 -> 
========================================================================
Received Import Request.
  Time since last request: 492457.601943 seconds.
  path: Assets/Scenes/DungeonsScene.unity
  artifactKey: Guid(fd1f21851cec01f408544922def67614) Importer(815301076,1909f56bfc062723c751e8b465ee728b)
Start importing Assets/Scenes/DungeonsScene.unity using Guid(fd1f21851cec01f408544922def67614) Importer(815301076,1909f56bfc062723c751e8b465ee728b)  -> (artifact id: '7319642ed0834ff43ed76419b56c8b62') in 0.002819 seconds 
========================================================================
Received Import Request.
  Time since last request: 67.055038 seconds.
  path: Assets/Scenes/Level2.unity
  artifactKey: Guid(b8384f3d67dbb8044b298b2d6d65c83a) Importer(815301076,1909f56bfc062723c751e8b465ee728b)
Start importing Assets/Scenes/Level2.unity using Guid(b8384f3d67dbb8044b298b2d6d65c83a) Importer(815301076,1909f56bfc062723c751e8b465ee728b)  -> (artifact id: '4f1088c2231724c438c5ef8bfd9a7344') in 0.000876 seconds 
========================================================================
Received Prepare
Registering precompiled user dll's ...
Registered in 0.001746 seconds.
Begin MonoManager ReloadAssembly
Thread 0x17ff07000 may have been prematurely finalized
Native extension for OSXStandalone target not found
Native extension for WebGL target not found
Refreshing native plugins compatible for Editor in 0.92 ms, found 2 plugins.
Preloading 0 native plugins for Editor in 0.00 ms.
Mono: successfully reloaded assembly
- Completed reload, in  1.217 seconds
Domain Reload Profiling:
	ReloadAssembly (1218ms)
		BeginReloadAssembly (97ms)
			ExecutionOrderSort (0ms)
			DisableScriptedObjects (5ms)
			BackupInstance (0ms)
			ReleaseScriptingObjects (0ms)
			CreateAndSetChildDomain (39ms)
		EndReloadAssembly (1024ms)
			LoadAssemblies (40ms)
			RebuildTransferFunctionScriptingTraits (0ms)
			SetupTypeCache (246ms)
			ReleaseScriptCaches (1ms)
			RebuildScriptCaches (78ms)
			SetupLoadedEditorAssemblies (538ms)
				LogAssemblyErrors (0ms)
				InitializePlatformSupportModulesInManaged (21ms)
				SetLoadedEditorAssemblies (1ms)
				RefreshPlugins (1ms)
				BeforeProcessingInitializeOnLoad (74ms)
				ProcessInitializeOnLoadAttributes (390ms)
				ProcessInitializeOnLoadMethodAttributes (47ms)
				AfterProcessingInitializeOnLoad (2ms)
				EditorAssembliesLoaded (0ms)
			ExecutionOrderSort2 (0ms)
			AwakeInstancesAfterBackupRestoration (8ms)
Platform modules already initialized, skipping
Refreshing native plugins compatible for Editor in 1.55 ms, found 2 plugins.
Preloading 0 native plugins for Editor in 0.00 ms.
Unloading 1736 Unused Serialized files (Serialized files now loaded: 0)
Unloading 12 unused Assets / (21.9 KB). Loaded Objects now: 2227.
Memory consumption went from 80.1 MB to 80.1 MB.
Total: 6.334458 ms (FindLiveObjects: 0.189709 ms CreateObjectMapping: 0.079625 ms MarkObjects: 6.023250 ms  DeleteObjects: 0.040584 ms)

AssetImportParameters requested are different than current active one (requested -> active):
  custom:video-decoder-ogg-theora: a1e56fd34408186e4bbccfd4996cb3dc -> 
  custom:container-muxer-webm: aa71ff27fc2769a1b78a27578f13a17b -> 
  custom:container-demuxer-webm: 4f35f7cbe854078d1ac9338744f61a02 -> 
  custom:video-encoder-webm-vp8: eb34c28f22e8b96e1ab97ce403110664 -> 
  custom:framework-osx-AVFoundation: e770b220cccbd017edd2c1fefb359320 -> 
  custom:audio-encoder-webm-vorbis: bf7c407c2cedff20999df2af8eb42d56 -> 
  custom:container-demuxer-ogg: 62fdf1f143b41e24485cea50d1cbac27 -> 
  custom:video-decoder-webm-vp8: 9c59270c3fd7afecdb556c50c9e8de78 -> 
  custom:audio-decoder-ogg-vorbis: bf7c407c2cedff20999df2af8eb42d56 -> 
========================================================================
Received Import Request.
  Time since last request: 33.709748 seconds.
  path: Assets/Scenes/EnemyTest
  artifactKey: Guid(072b947b32f899d4ebf9dd6d59191c8a) Importer(815301076,1909f56bfc062723c751e8b465ee728b)
Start importing Assets/Scenes/EnemyTest using Guid(072b947b32f899d4ebf9dd6d59191c8a) Importer(815301076,1909f56bfc062723c751e8b465ee728b)  -> (artifact id: 'c44adafaad7af14fbfb884b5b98a9d67') in 0.003463 seconds 
========================================================================
Received Import Request.
  Time since last request: 1.939353 seconds.
  path: Assets/Scenes/DungeonsScene/NavMesh-NavMesh Surface 2.asset
  artifactKey: Guid(28af84d86c52e3f449a9f76e46f9678f) Importer(815301076,1909f56bfc062723c751e8b465ee728b)
Start importing Assets/Scenes/DungeonsScene/NavMesh-NavMesh Surface 2.asset using Guid(28af84d86c52e3f449a9f76e46f9678f) Importer(815301076,1909f56bfc062723c751e8b465ee728b)  -> (artifact id: '8aecd772d2150e2055a1039c668c2841') in 0.074195 seconds 
========================================================================
Received Import Request.
  Time since last request: 7.340873 seconds.
  path: Assets/Scenes/Level2
  artifactKey: Guid(b1d9d423d73687d4e8785384f216a922) Importer(815301076,1909f56bfc062723c751e8b465ee728b)
Start importing Assets/Scenes/Level2 using Guid(b1d9d423d73687d4e8785384f216a922) Importer(815301076,1909f56bfc062723c751e8b465ee728b)  -> (artifact id: '62c2b54d186e7b1528fbe63b97561538') in 0.000907 seconds 
========================================================================
Received Import Request.
  Time since last request: 0.118481 seconds.
  path: Assets/Scenes/Level2/LightingData.asset
  artifactKey: Guid(2c8cea3d68e706e44b3ed0df1583cfb4) Importer(815301076,1909f56bfc062723c751e8b465ee728b)
Start importing Assets/Scenes/Level2/LightingData.asset using Guid(2c8cea3d68e706e44b3ed0df1583cfb4) Importer(815301076,1909f56bfc062723c751e8b465ee728b)  -> (artifact id: '9437920be0d066c87ae307f083e619c8') in 0.002751 seconds 
========================================================================
Received Import Request.
  Time since last request: 55.626523 seconds.
  path: Assets/Scripts/Enemies/Boss.cs
  artifactKey: Guid(dc88fb287e4897c43b2f59946654bb71) Importer(815301076,1909f56bfc062723c751e8b465ee728b)
Start importing Assets/Scripts/Enemies/Boss.cs using Guid(dc88fb287e4897c43b2f59946654bb71) Importer(815301076,1909f56bfc062723c751e8b465ee728b)  -> (artifact id: '9ab156dbaf1de4de4b9cea2717137dd0') in 0.061831 seconds 
========================================================================
Received Import Request.
  Time since last request: 6.443033 seconds.
  path: Assets/UI/AboutButton.png
  artifactKey: Guid(a139e4c744329544e8a4bd4391da9f46) Importer(815301076,1909f56bfc062723c751e8b465ee728b)
Start importing Assets/UI/AboutButton.png using Guid(a139e4c744329544e8a4bd4391da9f46) Importer(815301076,1909f56bfc062723c751e8b465ee728b)  -> (artifact id: 'd2729972ba2690db2cfa87cf7baf1b83') in 0.796090 seconds 
========================================================================
Received Import Request.
  Time since last request: 0.000047 seconds.
  path: Assets/UI/StartButton.png
  artifactKey: Guid(a379b05202b997f4ebf0963e8002b360) Importer(815301076,1909f56bfc062723c751e8b465ee728b)
Start importing Assets/UI/StartButton.png using Guid(a379b05202b997f4ebf0963e8002b360) Importer(815301076,1909f56bfc062723c751e8b465ee728b)  -> (artifact id: '2299e9148c1ce2e3737b15da25e9c67a') in 0.011498 seconds 
========================================================================
Received Import Request.
  Time since last request: 0.000051 seconds.
  path: Assets/UI/Heart.png
  artifactKey: Guid(0f7754d699b272246872c7307a9fdd79) Importer(815301076,1909f56bfc062723c751e8b465ee728b)
Start importing Assets/UI/Heart.png using Guid(0f7754d699b272246872c7307a9fdd79) Importer(815301076,1909f56bfc062723c751e8b465ee728b)  -> (artifact id: 'ab234406c3630738f6a932e5399bf5bf') in 0.009361 seconds 
========================================================================
Received Import Request.
  Time since last request: 0.000076 seconds.
  path: Assets/UI/BackButton.png
  artifactKey: Guid(5ee01b00a4c6ab544b4ade5d5cdba725) Importer(815301076,1909f56bfc062723c751e8b465ee728b)
Start importing Assets/UI/BackButton.png using Guid(5ee01b00a4c6ab544b4ade5d5cdba725) Importer(815301076,1909f56bfc062723c751e8b465ee728b)  -> (artifact id: 'f1c4047cfef882fd05606f202365cf82') in 0.011091 seconds 
========================================================================
Received Import Request.
  Time since last request: 0.000065 seconds.
  path: Assets/UI/CloudsLarge_Background.png
  artifactKey: Guid(16185d4cafa0ba74daed8823a19adf11) Importer(815301076,1909f56bfc062723c751e8b465ee728b)
Start importing Assets/UI/CloudsLarge_Background.png using Guid(16185d4cafa0ba74daed8823a19adf11) Importer(815301076,1909f56bfc062723c751e8b465ee728b)  -> (artifact id: 'ad0b9291086dd378c26988e7ec95ec30') in 0.054356 seconds 
========================================================================
Received Import Request.
  Time since last request: 0.000976 seconds.
  path: Assets/UI/ExitButtonHover.png
  artifactKey: Guid(57d2bbdcfb0d7c145a6aa596a24f30ce) Importer(815301076,1909f56bfc062723c751e8b465ee728b)
Start importing Assets/UI/ExitButtonHover.png using Guid(57d2bbdcfb0d7c145a6aa596a24f30ce) Importer(815301076,1909f56bfc062723c751e8b465ee728b)  -> (artifact id: 'f0644d7bc14a1ba3ef9e2284ac1e704b') in 0.011370 seconds 
========================================================================
Received Import Request.
  Time since last request: 0.000057 seconds.
  path: Assets/UI/CloudsMid_Background.png
  artifactKey: Guid(00d720791dc4b17488117edf23f286bf) Importer(815301076,1909f56bfc062723c751e8b465ee728b)
Start importing Assets/UI/CloudsMid_Background.png using Guid(00d720791dc4b17488117edf23f286bf) Importer(815301076,1909f56bfc062723c751e8b465ee728b)  -> (artifact id: '5b89bb54c6e21a93f6c29c5fd2062105') in 0.050181 seconds 
========================================================================
Received Import Request.
  Time since last request: 0.000065 seconds.
  path: Assets/UI/GameOver.png
  artifactKey: Guid(bb160f28bd710f240985403c312e3fdc) Importer(815301076,1909f56bfc062723c751e8b465ee728b)
Start importing Assets/UI/GameOver.png using Guid(bb160f28bd710f240985403c312e3fdc) Importer(815301076,1909f56bfc062723c751e8b465ee728b)  -> (artifact id: '153782ac7263c627e0fba71d3a70789b') in 0.033934 seconds 
========================================================================
Received Import Request.
  Time since last request: 0.000086 seconds.
  path: Assets/UI/ExitButton.png
  artifactKey: Guid(9811a71ccb566f141b8e05a6502c57af) Importer(815301076,1909f56bfc062723c751e8b465ee728b)
Start importing Assets/UI/ExitButton.png using Guid(9811a71ccb566f141b8e05a6502c57af) Importer(815301076,1909f56bfc062723c751e8b465ee728b)  -> (artifact id: 'edfacdefd7be1407e198a724243161a0') in 0.013849 seconds 
========================================================================
Received Import Request.
  Time since last request: 0.000083 seconds.
  path: Assets/UI/HealthBarFrame.png
  artifactKey: Guid(06aba248f9c7ef6449681ba1e0829ae5) Importer(815301076,1909f56bfc062723c751e8b465ee728b)
Start importing Assets/UI/HealthBarFrame.png using Guid(06aba248f9c7ef6449681ba1e0829ae5) Importer(815301076,1909f56bfc062723c751e8b465ee728b)  -> (artifact id: '63b8e104e15c0d87ea6713c52baa1e22') in 0.011311 seconds 
========================================================================
Received Import Request.
  Time since last request: 0.000063 seconds.
  path: Assets/UI/SettingsButtonHover.png
  artifactKey: Guid(5e7a9487a66638d46a39a78ce593746f) Importer(815301076,1909f56bfc062723c751e8b465ee728b)
Start importing Assets/UI/SettingsButtonHover.png using Guid(5e7a9487a66638d46a39a78ce593746f) Importer(815301076,1909f56bfc062723c751e8b465ee728b)  -> (artifact id: '70397a38d745c9ff2022b2c615f416a5') in 0.019197 seconds 
========================================================================
Received Import Request.
  Time since last request: 0.000083 seconds.
  path: Assets/UI/New Render Texture.renderTexture
  artifactKey: Guid(68f0b62ecd53aad4dba183369ece19dd) Importer(815301076,1909f56bfc062723c751e8b465ee728b)
Start importing Assets/UI/New Render Texture.renderTexture using Guid(68f0b62ecd53aad4dba183369ece19dd) Importer(815301076,1909f56bfc062723c751e8b465ee728b)  -> (artifact id: 'b43ebc072cec3872e0e45bcff2c7cbc7') in 0.083713 seconds 
========================================================================
Received Import Request.
  Time since last request: 0.000122 seconds.
  path: Assets/UI/ControlsButton.png
  artifactKey: Guid(6940fa52dc978104fa9aab211e35cfbc) Importer(815301076,1909f56bfc062723c751e8b465ee728b)
Start importing Assets/UI/ControlsButton.png using Guid(6940fa52dc978104fa9aab211e35cfbc) Importer(815301076,1909f56bfc062723c751e8b465ee728b)  -> (artifact id: '143edc9b81a5206c1c4ec0bed95c5e73') in 0.022919 seconds 
========================================================================
Received Import Request.
  Time since last request: 0.000088 seconds.
  path: Assets/UI/ThanksForPlaying.png
  artifactKey: Guid(9f850f3af643f81488bc8a392594e695) Importer(815301076,1909f56bfc062723c751e8b465ee728b)
Start importing Assets/UI/ThanksForPlaying.png using Guid(9f850f3af643f81488bc8a392594e695) Importer(815301076,1909f56bfc062723c751e8b465ee728b)  -> (artifact id: 'd5ddd9bafc88415f076dda05ffbcec25') in 0.078176 seconds 
========================================================================
Received Import Request.
  Time since last request: 0.000069 seconds.
  path: Assets/UI/HeartContainer.prefab
  artifactKey: Guid(e9d71d762d690de47be400cff20f928e) Importer(815301076,1909f56bfc062723c751e8b465ee728b)
Start importing Assets/UI/HeartContainer.prefab using Guid(e9d71d762d690de47be400cff20f928e) Importer(815301076,1909f56bfc062723c751e8b465ee728b)  -> (artifact id: '316b25d67af334a6a662317ae2d762e8') in 0.070364 seconds 
========================================================================
Received Import Request.
  Time since last request: 0.002524 seconds.
  path: Assets/UI/CloudsSmall_Background.png
  artifactKey: Guid(0a3432c5ab631bc43acf31c7917f7478) Importer(815301076,1909f56bfc062723c751e8b465ee728b)
Start importing Assets/UI/CloudsSmall_Background.png using Guid(0a3432c5ab631bc43acf31c7917f7478) Importer(815301076,1909f56bfc062723c751e8b465ee728b)  -> (artifact id: '9fb8c5701a7bcef3b4a7ed58aa8677fa') in 0.067141 seconds 
========================================================================
Received Import Request.
  Time since last request: 0.000073 seconds.
  path: Assets/UI/Sky_Background.png
  artifactKey: Guid(aa8d1aabc38d3124586907044a5b228b) Importer(815301076,1909f56bfc062723c751e8b465ee728b)
Start importing Assets/UI/Sky_Background.png using Guid(aa8d1aabc38d3124586907044a5b228b) Importer(815301076,1909f56bfc062723c751e8b465ee728b)  -> (artifact id: '29910808185b945e55b645f492251096') in 0.098083 seconds 
========================================================================
Received Import Request.
  Time since last request: 7.658233 seconds.
  path: Assets/Weapons/Club.prefab
  artifactKey: Guid(6a0dc027a12f66c41bdd07085155194e) Importer(815301076,1909f56bfc062723c751e8b465ee728b)
Start importing Assets/Weapons/Club.prefab using Guid(6a0dc027a12f66c41bdd07085155194e) Importer(815301076,1909f56bfc062723c751e8b465ee728b)  -> (artifact id: 'e4d16d4a315a99c9778999e8a4b81e20') in 0.103510 seconds 
========================================================================
Received Import Request.
  Time since last request: 0.000050 seconds.
  path: Assets/Weapons/Spear.prefab
  artifactKey: Guid(4e2734e0d8bc72b4ea6b32875303fb49) Importer(815301076,1909f56bfc062723c751e8b465ee728b)
Start importing Assets/Weapons/Spear.prefab using Guid(4e2734e0d8bc72b4ea6b32875303fb49) Importer(815301076,1909f56bfc062723c751e8b465ee728b)  -> (artifact id: 'e545f93c7cbf71229bf642275d111f48') in 0.007313 seconds 
========================================================================
Received Import Request.
  Time since last request: 0.000043 seconds.
  path: Assets/Weapons/Sword.prefab
  artifactKey: Guid(f7ce347995429e94a931a1165b036cea) Importer(815301076,1909f56bfc062723c751e8b465ee728b)
Start importing Assets/Weapons/Sword.prefab using Guid(f7ce347995429e94a931a1165b036cea) Importer(815301076,1909f56bfc062723c751e8b465ee728b)  -> (artifact id: '5987738c64141aee786cdda9bb431f88') in 0.007965 seconds 
========================================================================
Received Import Request.
  Time since last request: 4.404836 seconds.
  path: Assets/Sprites/Boss.png
  artifactKey: Guid(d767efcf2aec63549a0cf89a0d9ae519) Importer(815301076,1909f56bfc062723c751e8b465ee728b)
Start importing Assets/Sprites/Boss.png using Guid(d767efcf2aec63549a0cf89a0d9ae519) Importer(815301076,1909f56bfc062723c751e8b465ee728b)  -> (artifact id: '870567416b22c4b2ffa514337f883be1') in 0.033267 seconds 
========================================================================
Received Import Request.
  Time since last request: 0.785519 seconds.
  path: Assets/Sounds/BossMusic.mp3
  artifactKey: Guid(5e76711007114b44b8f866ab5c137c66) Importer(815301076,1909f56bfc062723c751e8b465ee728b)
Start importing Assets/Sounds/BossMusic.mp3 using Guid(5e76711007114b44b8f866ab5c137c66) Importer(815301076,1909f56bfc062723c751e8b465ee728b)  -> (artifact id: '55476f56cc5722e37749bd47c923303e') in 1.379447 seconds 
========================================================================
Received Import Request.
  Time since last request: 0.001769 seconds.
  path: Assets/Sounds/PrincessDeath.wav
  artifactKey: Guid(f3017d6fe22e78340895f1fa2b94a50e) Importer(815301076,1909f56bfc062723c751e8b465ee728b)
Start importing Assets/Sounds/PrincessDeath.wav using Guid(f3017d6fe22e78340895f1fa2b94a50e) Importer(815301076,1909f56bfc062723c751e8b465ee728b)  -> (artifact id: '22f4d8d3fff58bc4d0daf71758eef1cc') in 0.048180 seconds 
========================================================================
Received Import Request.
  Time since last request: 0.000064 seconds.
  path: Assets/Sounds/ChestOpen_01.wav
  artifactKey: Guid(9f813a38b1f210841932ad06acf4436f) Importer(815301076,1909f56bfc062723c751e8b465ee728b)
Start importing Assets/Sounds/ChestOpen_01.wav using Guid(9f813a38b1f210841932ad06acf4436f) Importer(815301076,1909f56bfc062723c751e8b465ee728b)  -> (artifact id: '2fcf08fb6c10b29dbc0af32648a9a5bb') in 0.005951 seconds 
========================================================================
Received Import Request.
  Time since last request: 0.000072 seconds.
  path: Assets/Sounds/IntroMusic.mp3
  artifactKey: Guid(524578c72b9698543a4396aea332a7a8) Importer(815301076,1909f56bfc062723c751e8b465ee728b)
Start importing Assets/Sounds/IntroMusic.mp3 using Guid(524578c72b9698543a4396aea332a7a8) Importer(815301076,1909f56bfc062723c751e8b465ee728b)  -> (artifact id: 'c4438ee2cc8d1fc07f8b390054245e7a') in 0.006487 seconds 
========================================================================
Received Import Request.
  Time since last request: 0.000052 seconds.
  path: Assets/Sounds/SlimeDeath.wav
  artifactKey: Guid(265948ae8e5b4d1489a91a665c11dadc) Importer(815301076,1909f56bfc062723c751e8b465ee728b)
Start importing Assets/Sounds/SlimeDeath.wav using Guid(265948ae8e5b4d1489a91a665c11dadc) Importer(815301076,1909f56bfc062723c751e8b465ee728b)  -> (artifact id: 'fbc82c82d6b266d17a3674caa1679bc5') in 0.005949 seconds 
========================================================================
Received Import Request.
  Time since last request: 0.000079 seconds.
  path: Assets/Sounds/HeartPickUp.wav
  artifactKey: Guid(fde7aab758c0ece48a625cca7a18c2de) Importer(815301076,1909f56bfc062723c751e8b465ee728b)
Start importing Assets/Sounds/HeartPickUp.wav using Guid(fde7aab758c0ece48a625cca7a18c2de) Importer(815301076,1909f56bfc062723c751e8b465ee728b)  -> (artifact id: '5d6f0dd3dd27ff02b2789a432c6d6d0d') in 0.007429 seconds 
========================================================================
Received Import Request.
  Time since last request: 0.000055 seconds.
  path: Assets/Sounds/SlimeHit.ogg
  artifactKey: Guid(ebbe485e048418640bffd2cb1dd9c2a1) Importer(815301076,1909f56bfc062723c751e8b465ee728b)
Start importing Assets/Sounds/SlimeHit.ogg using Guid(ebbe485e048418640bffd2cb1dd9c2a1) Importer(815301076,1909f56bfc062723c751e8b465ee728b)  -> (artifact id: '0add55c16e82399d98c5429fd90aca64') in 0.216060 seconds 
========================================================================
Received Import Request.
  Time since last request: 4.171676 seconds.
  path: Assets/SimpleFX/Models
  artifactKey: Guid(3e254e2c5869c8141bdfdef8b0fefbb4) Importer(815301076,1909f56bfc062723c751e8b465ee728b)
Start importing Assets/SimpleFX/Models using Guid(3e254e2c5869c8141bdfdef8b0fefbb4) Importer(815301076,1909f56bfc062723c751e8b465ee728b)  -> (artifact id: '49c3bbc986563440c033cb14c219fc1a') in 0.000723 seconds 
========================================================================
Received Import Request.
  Time since last request: 0.065329 seconds.
  path: Assets/SimpleFX/Models/FX_GunFlash.fbx
  artifactKey: Guid(50a5b61475aba5649a793b8d076e8681) Importer(815301076,1909f56bfc062723c751e8b465ee728b)
Start importing Assets/SimpleFX/Models/FX_GunFlash.fbx using Guid(50a5b61475aba5649a793b8d076e8681) Importer(815301076,1909f56bfc062723c751e8b465ee728b)  -> (artifact id: '136cdf623faf1b93206f2c90b2a8a4ee') in 0.296276 seconds 
========================================================================
Received Import Request.
  Time since last request: 0.001531 seconds.
  path: Assets/SimpleFX/Models/FX_PoolSplash_02.fbx
  artifactKey: Guid(7f803617a1072ec42820168bc40edb46) Importer(815301076,1909f56bfc062723c751e8b465ee728b)
Start importing Assets/SimpleFX/Models/FX_PoolSplash_02.fbx using Guid(7f803617a1072ec42820168bc40edb46) Importer(815301076,1909f56bfc062723c751e8b465ee728b)  -> (artifact id: '22d518d5f86fbe55bfe49df0d34dda9e') in 0.009767 seconds 
========================================================================
Received Import Request.
  Time since last request: 0.000054 seconds.
  path: Assets/SimpleFX/Models/FX_Rubble.fbx
  artifactKey: Guid(42e0384be8104584cbcc3a1fadaafb79) Importer(815301076,1909f56bfc062723c751e8b465ee728b)
Start importing Assets/SimpleFX/Models/FX_Rubble.fbx using Guid(42e0384be8104584cbcc3a1fadaafb79) Importer(815301076,1909f56bfc062723c751e8b465ee728b)  -> (artifact id: '8fbc8b2227e1f569d0de5fc1fc439b7d') in 0.008821 seconds 
========================================================================
Received Import Request.
  Time since last request: 0.000057 seconds.
  path: Assets/SimpleFX/Models/FX_PoolSplash_01.fbx
  artifactKey: Guid(89f5c0aef85208c47827ce19d9767acb) Importer(815301076,1909f56bfc062723c751e8b465ee728b)
Start importing Assets/SimpleFX/Models/FX_PoolSplash_01.fbx using Guid(89f5c0aef85208c47827ce19d9767acb) Importer(815301076,1909f56bfc062723c751e8b465ee728b)  -> (artifact id: '64ee4b116b90bcca816a92db11419089') in 0.009190 seconds 
========================================================================
Received Import Request.
  Time since last request: 1.693740 seconds.
  path: Assets/SimpleFX/Materials/FX_Base.mat
  artifactKey: Guid(a0cec58fc32f482418596ffdf7c0d693) Importer(815301076,1909f56bfc062723c751e8b465ee728b)
Start importing Assets/SimpleFX/Materials/FX_Base.mat using Guid(a0cec58fc32f482418596ffdf7c0d693) Importer(815301076,1909f56bfc062723c751e8b465ee728b)  -> (artifact id: '422fedededb5ec5766b9c9a74780aaf1') in 0.065767 seconds 
========================================================================
Received Import Request.
  Time since last request: 0.000069 seconds.
  path: Assets/SimpleFX/Materials/FX_Water.mat
  artifactKey: Guid(daf5714b1bd61c84fb8f439922ec2664) Importer(815301076,1909f56bfc062723c751e8b465ee728b)
Start importing Assets/SimpleFX/Materials/FX_Water.mat using Guid(daf5714b1bd61c84fb8f439922ec2664) Importer(815301076,1909f56bfc062723c751e8b465ee728b)  -> (artifact id: 'ed062d5ba143baa955ab7b158cdbfd6e') in 0.088473 seconds 
========================================================================
Received Import Request.
  Time since last request: 10.437215 seconds.
  path: Assets/Scenes/StartScene/LightingData.asset
  artifactKey: Guid(96289aa7a8c8f834c9729abcba886aea) Importer(815301076,1909f56bfc062723c751e8b465ee728b)
Start importing Assets/Scenes/StartScene/LightingData.asset using Guid(96289aa7a8c8f834c9729abcba886aea) Importer(815301076,1909f56bfc062723c751e8b465ee728b)  -> (artifact id: '0915f9977d0f54622ce38702f1078c5b') in 0.002518 seconds 
========================================================================
Received Import Request.
  Time since last request: 0.642297 seconds.
  path: Assets/Scenes/PlayerTest/LightingData.asset
  artifactKey: Guid(7c2b29c047b0ba1418a820ec21968f5e) Importer(815301076,1909f56bfc062723c751e8b465ee728b)
Start importing Assets/Scenes/PlayerTest/LightingData.asset using Guid(7c2b29c047b0ba1418a820ec21968f5e) Importer(815301076,1909f56bfc062723c751e8b465ee728b)  -> (artifact id: '7a853e5e51d3efcfb318cf5c64d8c150') in 0.002150 seconds 
========================================================================
Received Import Request.
  Time since last request: 0.000049 seconds.
  path: Assets/Scenes/PlayerTest/ReflectionProbe-0.exr
  artifactKey: Guid(d69da5cbfac9d8d4984916f38e76dd9b) Importer(815301076,1909f56bfc062723c751e8b465ee728b)
Start importing Assets/Scenes/PlayerTest/ReflectionProbe-0.exr using Guid(d69da5cbfac9d8d4984916f38e76dd9b) Importer(815301076,1909f56bfc062723c751e8b465ee728b)  -> (artifact id: 'a038e57315595446b89e33452b029551') in 0.078636 seconds 
========================================================================
Received Import Request.
  Time since last request: 14.946935 seconds.
  path: Assets/Prefabs/B.prefab
  artifactKey: Guid(2105902a5b9497f4f8e6debf227ac138) Importer(815301076,1909f56bfc062723c751e8b465ee728b)
Start importing Assets/Prefabs/B.prefab using Guid(2105902a5b9497f4f8e6debf227ac138) Importer(815301076,1909f56bfc062723c751e8b465ee728b)  -> (artifact id: 'd3a189f5ebad58c42b376045ecb95a15') in 0.016389 seconds 
========================================================================
Received Import Request.
  Time since last request: 0.000057 seconds.
  path: Assets/Prefabs/Closed Wall.prefab
  artifactKey: Guid(71addd1db0904154d960002486bf6a2b) Importer(815301076,1909f56bfc062723c751e8b465ee728b)
Start importing Assets/Prefabs/Closed Wall.prefab using Guid(71addd1db0904154d960002486bf6a2b) Importer(815301076,1909f56bfc062723c751e8b465ee728b)  -> (artifact id: '5e05cdd4250eea8c1c7fb1a8dba179be') in 0.015990 seconds 
========================================================================
Received Import Request.
  Time since last request: 0.000069 seconds.
  path: Assets/Prefabs/LR.prefab
  artifactKey: Guid(c9518fddab9921444b82e86f3d8a9eec) Importer(815301076,1909f56bfc062723c751e8b465ee728b)
Start importing Assets/Prefabs/LR.prefab using Guid(c9518fddab9921444b82e86f3d8a9eec) Importer(815301076,1909f56bfc062723c751e8b465ee728b)  -> (artifact id: '1d2471f649f52482576c3e6a7cedaba4') in 0.014958 seconds 
========================================================================
Received Import Request.
  Time since last request: 0.000076 seconds.
  path: Assets/Prefabs/Transition.prefab
  artifactKey: Guid(9be547d046afc714594bb60915b4090e) Importer(815301076,1909f56bfc062723c751e8b465ee728b)
Start importing Assets/Prefabs/Transition.prefab using Guid(9be547d046afc714594bb60915b4090e) Importer(815301076,1909f56bfc062723c751e8b465ee728b)  -> (artifact id: '036531c786cfc81942995094134acb4b') in 0.003073 seconds 
========================================================================
Received Import Request.
  Time since last request: 0.000063 seconds.
  path: Assets/Prefabs/Goblin.prefab
  artifactKey: Guid(366b1868ba7fe6844ae62a1470cc88f6) Importer(815301076,1909f56bfc062723c751e8b465ee728b)
Start importing Assets/Prefabs/Goblin.prefab using Guid(366b1868ba7fe6844ae62a1470cc88f6) Importer(815301076,1909f56bfc062723c751e8b465ee728b)  -> (artifact id: '249b26028263deb384b7aea1afe7fb96') in 0.025322 seconds 
========================================================================
Received Import Request.
  Time since last request: 0.000094 seconds.
  path: Assets/Prefabs/Torch.prefab
  artifactKey: Guid(f558bd4e7f964ba43a58531e0693a374) Importer(815301076,1909f56bfc062723c751e8b465ee728b)
Start importing Assets/Prefabs/Torch.prefab using Guid(f558bd4e7f964ba43a58531e0693a374) Importer(815301076,1909f56bfc062723c751e8b465ee728b)  -> (artifact id: 'bb256471048ceb826c5297753b7ec345') in 0.007967 seconds 
========================================================================
Received Import Request.
  Time since last request: 0.000060 seconds.
  path: Assets/Prefabs/floor slime.prefab
  artifactKey: Guid(4fa0f77c07f5ca648934ef0c7b84857a) Importer(815301076,1909f56bfc062723c751e8b465ee728b)
Start importing Assets/Prefabs/floor slime.prefab using Guid(4fa0f77c07f5ca648934ef0c7b84857a) Importer(815301076,1909f56bfc062723c751e8b465ee728b)  -> (artifact id: '0ede50b50367247a853bf0328fbee6d7') in 0.006196 seconds 
========================================================================
Received Import Request.
  Time since last request: 0.000052 seconds.
  path: Assets/Prefabs/RB.prefab
  artifactKey: Guid(b3f2b155bf508e94cacdaa0c831817ee) Importer(815301076,1909f56bfc062723c751e8b465ee728b)
Start importing Assets/Prefabs/RB.prefab using Guid(b3f2b155bf508e94cacdaa0c831817ee) Importer(815301076,1909f56bfc062723c751e8b465ee728b)  -> (artifact id: '1570a6356dea684725970a818fa94b20') in 0.016415 seconds 
========================================================================
Received Import Request.
  Time since last request: 0.000057 seconds.
  path: Assets/Prefabs/Boss.prefab
  artifactKey: Guid(09e14c596e782a742829f1166838514d) Importer(815301076,1909f56bfc062723c751e8b465ee728b)
Start importing Assets/Prefabs/Boss.prefab using Guid(09e14c596e782a742829f1166838514d) Importer(815301076,1909f56bfc062723c751e8b465ee728b)  -> (artifact id: '72c399090c4a595e05de3b8942c7e9c4') in 0.007348 seconds 
========================================================================
Received Import Request.
  Time since last request: 0.000065 seconds.
  path: Assets/Prefabs/TR.prefab
  artifactKey: Guid(f19b4cd5436954c41adbd492ce5a8785) Importer(815301076,1909f56bfc062723c751e8b465ee728b)
Start importing Assets/Prefabs/TR.prefab using Guid(f19b4cd5436954c41adbd492ce5a8785) Importer(815301076,1909f56bfc062723c751e8b465ee728b)  -> (artifact id: '5729883687ffcb58226f0d29b2265c0d') in 0.014869 seconds 
========================================================================
Received Import Request.
  Time since last request: 0.000060 seconds.
  path: Assets/Prefabs/L.prefab
  artifactKey: Guid(8a1fe1e76eaa4da42ab7a95609601343) Importer(815301076,1909f56bfc062723c751e8b465ee728b)
Start importing Assets/Prefabs/L.prefab using Guid(8a1fe1e76eaa4da42ab7a95609601343) Importer(815301076,1909f56bfc062723c751e8b465ee728b)  -> (artifact id: '1b35e5bac49aaf4be36790f0a8cb2267') in 0.013293 seconds 
========================================================================
Received Import Request.
  Time since last request: 0.000052 seconds.
  path: Assets/Prefabs/T.prefab
  artifactKey: Guid(a7aa1a0389616d547a34e34827992b7c) Importer(815301076,1909f56bfc062723c751e8b465ee728b)
Start importing Assets/Prefabs/T.prefab using Guid(a7aa1a0389616d547a34e34827992b7c) Importer(815301076,1909f56bfc062723c751e8b465ee728b)  -> (artifact id: 'a80f3703f59f5d47a7c3cf9b96f2938a') in 0.013450 seconds 
========================================================================
Received Import Request.
  Time since last request: 0.000071 seconds.
  path: Assets/Prefabs/R.prefab
  artifactKey: Guid(5bfb28fdf883df24f9ccc648eb33f0bc) Importer(815301076,1909f56bfc062723c751e8b465ee728b)
Start importing Assets/Prefabs/R.prefab using Guid(5bfb28fdf883df24f9ccc648eb33f0bc) Importer(815301076,1909f56bfc062723c751e8b465ee728b)  -> (artifact id: 'ef2caf016670a2aa35394f9c6fc5457a') in 0.014366 seconds 
