Unity Editor version:    2021.3.3f1 (af2e63e8f9bd)
Branch:                  2021.3/staging
Build type:              Release
Batch mode:              YES
macOS version:           Version 13.5 (Build 22G74)
Darwin version:          22.6.0
Architecture:            arm64
Running under Rosetta:   NO
Available memory:        16384 MB
Using pre-set license
Pro License: YES

COMMAND LINE ARGUMENTS:
/Applications/Unity/Hub/Editor/2021.3.3f1/Unity.app/Contents/MacOS/Unity
-adb2
-batchMode
-noUpm
-name
AssetImportWorker1
-projectPath
/Users/annguyen/Downloads/Princess-Rougelike/Princess_Rougelike
-logFile
Logs/AssetImportWorker1.log
-srvPort
60223
Successfully changed project path to: /Users/annguyen/Downloads/Princess-Rougelike/Princess_Rougelike
/Users/annguyen/Downloads/Princess-Rougelike/Princess_Rougelike
[UnityMemory] Configuration Parameters - Can be set up in boot.config
    "memorysetup-bucket-allocator-granularity=16"
    "memorysetup-bucket-allocator-bucket-count=8"
    "memorysetup-bucket-allocator-block-size=33554432"
    "memorysetup-bucket-allocator-block-count=8"
    "memorysetup-main-allocator-block-size=16777216"
    "memorysetup-thread-allocator-block-size=16777216"
    "memorysetup-gfx-main-allocator-block-size=16777216"
    "memorysetup-gfx-thread-allocator-block-size=16777216"
    "memorysetup-cache-allocator-block-size=4194304"
    "memorysetup-typetree-allocator-block-size=2097152"
    "memorysetup-profiler-bucket-allocator-granularity=16"
    "memorysetup-profiler-bucket-allocator-bucket-count=8"
    "memorysetup-profiler-bucket-allocator-block-size=33554432"
    "memorysetup-profiler-bucket-allocator-block-count=8"
    "memorysetup-profiler-allocator-block-size=16777216"
    "memorysetup-profiler-editor-allocator-block-size=1048576"
    "memorysetup-temp-allocator-size-main=16777216"
    "memorysetup-job-temp-allocator-block-size=2097152"
    "memorysetup-job-temp-allocator-block-size-background=1048576"
    "memorysetup-job-temp-allocator-reduction-small-platforms=262144"
    "memorysetup-temp-allocator-size-background-worker=32768"
    "memorysetup-temp-allocator-size-job-worker=262144"
    "memorysetup-temp-allocator-size-preload-manager=33554432"
    "memorysetup-temp-allocator-size-nav-mesh-worker=65536"
    "memorysetup-temp-allocator-size-audio-worker=65536"
    "memorysetup-temp-allocator-size-cloud-worker=32768"
    "memorysetup-temp-allocator-size-gi-baking-worker=262144"
    "memorysetup-temp-allocator-size-gfx=262144"
Refreshing native plugins compatible for Editor in 36.19 ms, found 2 plugins.
Preloading 0 native plugins for Editor in 0.00 ms.
Initialize engine version: 2021.3.3f1 (af2e63e8f9bd)
[Subsystems] Discovering subsystems at path /Applications/Unity/Hub/Editor/2021.3.3f1/Unity.app/Contents/Resources/UnitySubsystems
[Subsystems] Discovering subsystems at path /Users/annguyen/Downloads/Princess-Rougelike/Princess_Rougelike/Assets
GfxDevice: creating device client; threaded=0; jobified=0
 preferred device: Apple M1 (high power)
Metal devices available: 1
0: Apple M1 (high power)
Using device Apple M1 (high power)
Initializing Metal device caps: Apple M1
Initialize mono
Mono path[0] = '/Applications/Unity/Hub/Editor/2021.3.3f1/Unity.app/Contents/Managed'
Mono path[1] = '/Applications/Unity/Hub/Editor/2021.3.3f1/Unity.app/Contents/MonoBleedingEdge/lib/mono/unityjit-macos'
Mono config path = '/Applications/Unity/Hub/Editor/2021.3.3f1/Unity.app/Contents/MonoBleedingEdge/etc'
Using monoOptions --debugger-agent=transport=dt_socket,embedding=1,server=y,suspend=n,address=127.0.0.1:56600
Begin MonoManager ReloadAssembly
Registering precompiled unity dll's ...
Register platform support module: /Applications/Unity/Hub/Editor/2021.3.3f1/PlaybackEngines/WebGLSupport/UnityEditor.WebGL.Extensions.dll
Register platform support module: /Applications/Unity/Hub/Editor/2021.3.3f1/Unity.app/Contents/PlaybackEngines/MacStandaloneSupport/UnityEditor.OSXStandalone.Extensions.dll
Registered in 0.002825 seconds.
Native extension for OSXStandalone target not found
Native extension for WebGL target not found
Refreshing native plugins compatible for Editor in 37.04 ms, found 2 plugins.
Preloading 0 native plugins for Editor in 0.00 ms.
Mono: successfully reloaded assembly
- Completed reload, in  0.546 seconds
Domain Reload Profiling:
	ReloadAssembly (547ms)
		BeginReloadAssembly (81ms)
			ExecutionOrderSort (0ms)
			DisableScriptedObjects (0ms)
			BackupInstance (0ms)
			ReleaseScriptingObjects (0ms)
			CreateAndSetChildDomain (1ms)
		EndReloadAssembly (365ms)
			LoadAssemblies (81ms)
			RebuildTransferFunctionScriptingTraits (0ms)
			SetupTypeCache (100ms)
			ReleaseScriptCaches (0ms)
			RebuildScriptCaches (29ms)
			SetupLoadedEditorAssemblies (196ms)
				LogAssemblyErrors (0ms)
				InitializePlatformSupportModulesInManaged (6ms)
				SetLoadedEditorAssemblies (0ms)
				RefreshPlugins (37ms)
				BeforeProcessingInitializeOnLoad (1ms)
				ProcessInitializeOnLoadAttributes (116ms)
				ProcessInitializeOnLoadMethodAttributes (36ms)
				AfterProcessingInitializeOnLoad (0ms)
				EditorAssembliesLoaded (0ms)
			ExecutionOrderSort2 (0ms)
			AwakeInstancesAfterBackupRestoration (0ms)
Platform modules already initialized, skipping
Registering precompiled user dll's ...
Registered in 0.001976 seconds.
Begin MonoManager ReloadAssembly
Native extension for OSXStandalone target not found
Native extension for WebGL target not found
Refreshing native plugins compatible for Editor in 0.26 ms, found 2 plugins.
Preloading 0 native plugins for Editor in 0.00 ms.
Mono: successfully reloaded assembly
- Completed reload, in  0.745 seconds
Domain Reload Profiling:
	ReloadAssembly (746ms)
		BeginReloadAssembly (78ms)
			ExecutionOrderSort (0ms)
			DisableScriptedObjects (5ms)
			BackupInstance (0ms)
			ReleaseScriptingObjects (0ms)
			CreateAndSetChildDomain (22ms)
		EndReloadAssembly (564ms)
			LoadAssemblies (46ms)
			RebuildTransferFunctionScriptingTraits (0ms)
			SetupTypeCache (172ms)
			ReleaseScriptCaches (0ms)
			RebuildScriptCaches (43ms)
			SetupLoadedEditorAssemblies (255ms)
				LogAssemblyErrors (0ms)
				InitializePlatformSupportModulesInManaged (4ms)
				SetLoadedEditorAssemblies (0ms)
				RefreshPlugins (0ms)
				BeforeProcessingInitializeOnLoad (44ms)
				ProcessInitializeOnLoadAttributes (182ms)
				ProcessInitializeOnLoadMethodAttributes (22ms)
				AfterProcessingInitializeOnLoad (2ms)
				EditorAssembliesLoaded (0ms)
			ExecutionOrderSort2 (0ms)
			AwakeInstancesAfterBackupRestoration (3ms)
Platform modules already initialized, skipping
========================================================================
Worker process is ready to serve import requests
Launching external process: /Applications/Unity/Hub/Editor/2021.3.3f1/Unity.app/Contents/Tools/UnityShaderCompiler
Launched and connected shader compiler UnityShaderCompiler after 0.07 seconds
Refreshing native plugins compatible for Editor in 0.29 ms, found 2 plugins.
Preloading 0 native plugins for Editor in 0.00 ms.
Unloading 1756 Unused Serialized files (Serialized files now loaded: 0)
Unloading 19 unused Assets / (39.8 KB). Loaded Objects now: 2221.
Memory consumption went from 74.7 MB to 74.6 MB.
Total: 3.031416 ms (FindLiveObjects: 0.095125 ms CreateObjectMapping: 0.034459 ms MarkObjects: 2.859541 ms  DeleteObjects: 0.041375 ms)

AssetImportParameters requested are different than current active one (requested -> active):
  custom:video-decoder-ogg-theora: a1e56fd34408186e4bbccfd4996cb3dc -> 
  custom:container-muxer-webm: aa71ff27fc2769a1b78a27578f13a17b -> 
  custom:container-demuxer-webm: 4f35f7cbe854078d1ac9338744f61a02 -> 
  custom:video-encoder-webm-vp8: eb34c28f22e8b96e1ab97ce403110664 -> 
  custom:framework-osx-AVFoundation: e770b220cccbd017edd2c1fefb359320 -> 
  custom:audio-encoder-webm-vorbis: bf7c407c2cedff20999df2af8eb42d56 -> 
  custom:container-demuxer-ogg: 62fdf1f143b41e24485cea50d1cbac27 -> 
  custom:video-decoder-webm-vp8: 9c59270c3fd7afecdb556c50c9e8de78 -> 
  custom:audio-decoder-ogg-vorbis: bf7c407c2cedff20999df2af8eb42d56 -> 
========================================================================
Received Prepare
Registering precompiled user dll's ...
Registered in 0.001764 seconds.
Begin MonoManager ReloadAssembly
Thread 0x2889cf000 may have been prematurely finalized
Native extension for OSXStandalone target not found
Native extension for WebGL target not found
Refreshing native plugins compatible for Editor in 0.29 ms, found 2 plugins.
Preloading 0 native plugins for Editor in 0.00 ms.
Mono: successfully reloaded assembly
- Completed reload, in  0.699 seconds
Domain Reload Profiling:
	ReloadAssembly (700ms)
		BeginReloadAssembly (94ms)
			ExecutionOrderSort (0ms)
			DisableScriptedObjects (5ms)
			BackupInstance (0ms)
			ReleaseScriptingObjects (0ms)
			CreateAndSetChildDomain (33ms)
		EndReloadAssembly (521ms)
			LoadAssemblies (41ms)
			RebuildTransferFunctionScriptingTraits (0ms)
			SetupTypeCache (166ms)
			ReleaseScriptCaches (1ms)
			RebuildScriptCaches (36ms)
			SetupLoadedEditorAssemblies (239ms)
				LogAssemblyErrors (0ms)
				InitializePlatformSupportModulesInManaged (8ms)
				SetLoadedEditorAssemblies (0ms)
				RefreshPlugins (0ms)
				BeforeProcessingInitializeOnLoad (36ms)
				ProcessInitializeOnLoadAttributes (172ms)
				ProcessInitializeOnLoadMethodAttributes (21ms)
				AfterProcessingInitializeOnLoad (1ms)
				EditorAssembliesLoaded (0ms)
			ExecutionOrderSort2 (0ms)
			AwakeInstancesAfterBackupRestoration (3ms)
Platform modules already initialized, skipping
Refreshing native plugins compatible for Editor in 0.73 ms, found 2 plugins.
Preloading 0 native plugins for Editor in 0.00 ms.
Unloading 1736 Unused Serialized files (Serialized files now loaded: 0)
Unloading 12 unused Assets / (21.9 KB). Loaded Objects now: 2224.
Memory consumption went from 76.6 MB to 76.6 MB.
Total: 2.888875 ms (FindLiveObjects: 0.089500 ms CreateObjectMapping: 0.036291 ms MarkObjects: 2.741500 ms  DeleteObjects: 0.020583 ms)

AssetImportParameters requested are different than current active one (requested -> active):
  custom:video-decoder-ogg-theora: a1e56fd34408186e4bbccfd4996cb3dc -> 
  custom:container-muxer-webm: aa71ff27fc2769a1b78a27578f13a17b -> 
  custom:container-demuxer-webm: 4f35f7cbe854078d1ac9338744f61a02 -> 
  custom:video-encoder-webm-vp8: eb34c28f22e8b96e1ab97ce403110664 -> 
  custom:framework-osx-AVFoundation: e770b220cccbd017edd2c1fefb359320 -> 
  custom:audio-encoder-webm-vorbis: bf7c407c2cedff20999df2af8eb42d56 -> 
  custom:container-demuxer-ogg: 62fdf1f143b41e24485cea50d1cbac27 -> 
  custom:video-decoder-webm-vp8: 9c59270c3fd7afecdb556c50c9e8de78 -> 
  custom:audio-decoder-ogg-vorbis: bf7c407c2cedff20999df2af8eb42d56 -> 
========================================================================
Received Prepare
Registering precompiled user dll's ...
Registered in 0.001751 seconds.
Begin MonoManager ReloadAssembly
Thread 0x2889cf000 may have been prematurely finalized
Native extension for OSXStandalone target not found
Native extension for WebGL target not found
Refreshing native plugins compatible for Editor in 1.40 ms, found 2 plugins.
Preloading 0 native plugins for Editor in 0.00 ms.
Mono: successfully reloaded assembly
- Completed reload, in  1.215 seconds
Domain Reload Profiling:
	ReloadAssembly (1216ms)
		BeginReloadAssembly (97ms)
			ExecutionOrderSort (0ms)
			DisableScriptedObjects (4ms)
			BackupInstance (0ms)
			ReleaseScriptingObjects (0ms)
			CreateAndSetChildDomain (37ms)
		EndReloadAssembly (1022ms)
			LoadAssemblies (42ms)
			RebuildTransferFunctionScriptingTraits (0ms)
			SetupTypeCache (239ms)
			ReleaseScriptCaches (1ms)
			RebuildScriptCaches (76ms)
			SetupLoadedEditorAssemblies (544ms)
				LogAssemblyErrors (0ms)
				InitializePlatformSupportModulesInManaged (21ms)
				SetLoadedEditorAssemblies (1ms)
				RefreshPlugins (1ms)
				BeforeProcessingInitializeOnLoad (77ms)
				ProcessInitializeOnLoadAttributes (392ms)
				ProcessInitializeOnLoadMethodAttributes (48ms)
				AfterProcessingInitializeOnLoad (3ms)
				EditorAssembliesLoaded (0ms)
			ExecutionOrderSort2 (0ms)
			AwakeInstancesAfterBackupRestoration (8ms)
Platform modules already initialized, skipping
Refreshing native plugins compatible for Editor in 1.54 ms, found 2 plugins.
Preloading 0 native plugins for Editor in 0.00 ms.
Unloading 1736 Unused Serialized files (Serialized files now loaded: 0)
Unloading 12 unused Assets / (21.9 KB). Loaded Objects now: 2227.
Memory consumption went from 80.2 MB to 80.1 MB.
Total: 6.241333 ms (FindLiveObjects: 0.198708 ms CreateObjectMapping: 0.078667 ms MarkObjects: 5.925291 ms  DeleteObjects: 0.037584 ms)

AssetImportParameters requested are different than current active one (requested -> active):
  custom:video-decoder-ogg-theora: a1e56fd34408186e4bbccfd4996cb3dc -> 
  custom:container-muxer-webm: aa71ff27fc2769a1b78a27578f13a17b -> 
  custom:container-demuxer-webm: 4f35f7cbe854078d1ac9338744f61a02 -> 
  custom:video-encoder-webm-vp8: eb34c28f22e8b96e1ab97ce403110664 -> 
  custom:framework-osx-AVFoundation: e770b220cccbd017edd2c1fefb359320 -> 
  custom:audio-encoder-webm-vorbis: bf7c407c2cedff20999df2af8eb42d56 -> 
  custom:container-demuxer-ogg: 62fdf1f143b41e24485cea50d1cbac27 -> 
  custom:video-decoder-webm-vp8: 9c59270c3fd7afecdb556c50c9e8de78 -> 
  custom:audio-decoder-ogg-vorbis: bf7c407c2cedff20999df2af8eb42d56 -> 
========================================================================
Received Import Request.
  Time since last request: 492567.860461 seconds.
  path: Assets/Scenes/Level2/ReflectionProbe-0.exr
  artifactKey: Guid(5610adc215da19b488f983fd7048657c) Importer(815301076,1909f56bfc062723c751e8b465ee728b)
Start importing Assets/Scenes/Level2/ReflectionProbe-0.exr using Guid(5610adc215da19b488f983fd7048657c) Importer(815301076,1909f56bfc062723c751e8b465ee728b)  -> (artifact id: '463231dd50320e7df6b20322a3fa417a') in 0.141494 seconds 
========================================================================
Received Import Request.
  Time since last request: 61.994931 seconds.
  path: Assets/UI/AboutButtonHover.png
  artifactKey: Guid(a71f5a37c461d3b4fb417ded8d43b3a7) Importer(815301076,1909f56bfc062723c751e8b465ee728b)
Start importing Assets/UI/AboutButtonHover.png using Guid(a71f5a37c461d3b4fb417ded8d43b3a7) Importer(815301076,1909f56bfc062723c751e8b465ee728b)  -> (artifact id: 'b5c123c9abe8ce4637d8eac0e7f4b102') in 0.798710 seconds 
========================================================================
Received Import Request.
  Time since last request: 0.000071 seconds.
  path: Assets/UI/BossSkull.png
  artifactKey: Guid(57e9aca2f6b34424f8db9a5ecedccbb5) Importer(815301076,1909f56bfc062723c751e8b465ee728b)
Start importing Assets/UI/BossSkull.png using Guid(57e9aca2f6b34424f8db9a5ecedccbb5) Importer(815301076,1909f56bfc062723c751e8b465ee728b)  -> (artifact id: 'bc507bc6db159e328ef26054123d2260') in 0.010880 seconds 
========================================================================
Received Import Request.
  Time since last request: 0.000053 seconds.
  path: Assets/UI/SettingsButton.png
  artifactKey: Guid(121f409dc4ac8064ea2177c38fa5f356) Importer(815301076,1909f56bfc062723c751e8b465ee728b)
Start importing Assets/UI/SettingsButton.png using Guid(121f409dc4ac8064ea2177c38fa5f356) Importer(815301076,1909f56bfc062723c751e8b465ee728b)  -> (artifact id: 'ce10673ea3689ed2df3afe26713fac81') in 0.012667 seconds 
========================================================================
Received Import Request.
  Time since last request: 0.000053 seconds.
  path: Assets/UI/RestartButtonHover.png
  artifactKey: Guid(6a6e67d278847384dacff86d69944db7) Importer(815301076,1909f56bfc062723c751e8b465ee728b)
Start importing Assets/UI/RestartButtonHover.png using Guid(6a6e67d278847384dacff86d69944db7) Importer(815301076,1909f56bfc062723c751e8b465ee728b)  -> (artifact id: 'd0cee3d54c657677a0aac52ae33153ff') in 0.013506 seconds 
========================================================================
Received Import Request.
  Time since last request: 0.002023 seconds.
  path: Assets/UI/ControlsButtonHover.png
  artifactKey: Guid(1a1ba98eb74608f45ad228b61f4b1ced) Importer(815301076,1909f56bfc062723c751e8b465ee728b)
Start importing Assets/UI/ControlsButtonHover.png using Guid(1a1ba98eb74608f45ad228b61f4b1ced) Importer(815301076,1909f56bfc062723c751e8b465ee728b)  -> (artifact id: '0af763b09ff2d5be82ac7a366d5d602e') in 0.013399 seconds 
========================================================================
Received Import Request.
  Time since last request: 0.000056 seconds.
  path: Assets/UI/GoinDownTitle.png
  artifactKey: Guid(f6397179de730ff4b84d279d8e1cc509) Importer(815301076,1909f56bfc062723c751e8b465ee728b)
Start importing Assets/UI/GoinDownTitle.png using Guid(f6397179de730ff4b84d279d8e1cc509) Importer(815301076,1909f56bfc062723c751e8b465ee728b)  -> (artifact id: '6857833ce20c687a6e8233e31146b547') in 0.027864 seconds 
========================================================================
Received Import Request.
  Time since last request: 0.000891 seconds.
  path: Assets/UI/HealthBarFill.png
  artifactKey: Guid(f92df7d5bf0e3c34bb25411a1f231308) Importer(815301076,1909f56bfc062723c751e8b465ee728b)
Start importing Assets/UI/HealthBarFill.png using Guid(f92df7d5bf0e3c34bb25411a1f231308) Importer(815301076,1909f56bfc062723c751e8b465ee728b)  -> (artifact id: '3401043e0e19e42b9fee1e049d401ed8') in 0.009166 seconds 
========================================================================
Received Import Request.
  Time since last request: 0.000051 seconds.
  path: Assets/UI/WCLogo.png
  artifactKey: Guid(ac3ee887e8f4d1c41b13ace107e281ab) Importer(815301076,1909f56bfc062723c751e8b465ee728b)
Start importing Assets/UI/WCLogo.png using Guid(ac3ee887e8f4d1c41b13ace107e281ab) Importer(815301076,1909f56bfc062723c751e8b465ee728b)  -> (artifact id: '2c1697081dc4e87e503d835823c6bde5') in 0.209728 seconds 
========================================================================
Received Import Request.
  Time since last request: 0.000092 seconds.
  path: Assets/UI/ReturnButtonHover.png
  artifactKey: Guid(7f827bf808f71894db5ca85fde94a0a0) Importer(815301076,1909f56bfc062723c751e8b465ee728b)
Start importing Assets/UI/ReturnButtonHover.png using Guid(7f827bf808f71894db5ca85fde94a0a0) Importer(815301076,1909f56bfc062723c751e8b465ee728b)  -> (artifact id: '555c9e65da776cfdc72431c2e5e29f3f') in 0.023337 seconds 
========================================================================
Received Import Request.
  Time since last request: 0.000091 seconds.
  path: Assets/UI/RestartButton.png
  artifactKey: Guid(c690769ed660bb442893ade7d0e9097a) Importer(815301076,1909f56bfc062723c751e8b465ee728b)
Start importing Assets/UI/RestartButton.png using Guid(c690769ed660bb442893ade7d0e9097a) Importer(815301076,1909f56bfc062723c751e8b465ee728b)  -> (artifact id: '25476ff0a1ad260fe13b4b653d348ebf') in 0.020673 seconds 
========================================================================
Received Import Request.
  Time since last request: 0.000334 seconds.
  path: Assets/UI/Icon.png
  artifactKey: Guid(8cc6c0ce9fd9f3241b50f916af18b564) Importer(815301076,1909f56bfc062723c751e8b465ee728b)
Start importing Assets/UI/Icon.png using Guid(8cc6c0ce9fd9f3241b50f916af18b564) Importer(815301076,1909f56bfc062723c751e8b465ee728b)  -> (artifact id: '7f647f9b42f6c3e688493fb8c91d3e84') in 0.010470 seconds 
========================================================================
Received Import Request.
  Time since last request: 0.000074 seconds.
  path: Assets/UI/Hover.png
  artifactKey: Guid(02e57cb5c218774438bebaca34c11a5e) Importer(815301076,1909f56bfc062723c751e8b465ee728b)
Start importing Assets/UI/Hover.png using Guid(02e57cb5c218774438bebaca34c11a5e) Importer(815301076,1909f56bfc062723c751e8b465ee728b)  -> (artifact id: '960537823e1f3fe5a65eccb203a806c9') in 0.019384 seconds 
========================================================================
Received Import Request.
  Time since last request: 0.001494 seconds.
  path: Assets/UI/ReturnButton.png
  artifactKey: Guid(27e7882513dd03847aee32af275f805e) Importer(815301076,1909f56bfc062723c751e8b465ee728b)
Start importing Assets/UI/ReturnButton.png using Guid(27e7882513dd03847aee32af275f805e) Importer(815301076,1909f56bfc062723c751e8b465ee728b)  -> (artifact id: '36853857ed5d8c18582dd5825bfe31df') in 0.019803 seconds 
========================================================================
Received Import Request.
  Time since last request: 0.000132 seconds.
  path: Assets/UI/BossTitle.png
  artifactKey: Guid(90503b8c3a3e709489c9642826d66f3d) Importer(815301076,1909f56bfc062723c751e8b465ee728b)
Start importing Assets/UI/BossTitle.png using Guid(90503b8c3a3e709489c9642826d66f3d) Importer(815301076,1909f56bfc062723c751e8b465ee728b)  -> (artifact id: 'bd059e4be01505dd1e1dec18aaa332b2') in 0.030519 seconds 
========================================================================
Received Import Request.
  Time since last request: 0.000946 seconds.
  path: Assets/UI/StartButtonHover.png
  artifactKey: Guid(60be8338e94cd344280b5f3c674f5839) Importer(815301076,1909f56bfc062723c751e8b465ee728b)
Start importing Assets/UI/StartButtonHover.png using Guid(60be8338e94cd344280b5f3c674f5839) Importer(815301076,1909f56bfc062723c751e8b465ee728b)  -> (artifact id: '229d10612bf8e2144a2dcb3b7d1464c8') in 0.016867 seconds 
========================================================================
Received Import Request.
  Time since last request: 0.000070 seconds.
  path: Assets/UI/Kid Games.ttf
  artifactKey: Guid(e3e4d36cbe6a0bb46acd10af5984b8cc) Importer(815301076,1909f56bfc062723c751e8b465ee728b)
Start importing Assets/UI/Kid Games.ttf using Guid(e3e4d36cbe6a0bb46acd10af5984b8cc) Importer(815301076,1909f56bfc062723c751e8b465ee728b)  -> (artifact id: '0d9037281b96413147d62da17e796d22') in 1.752003 seconds 
========================================================================
Received Import Request.
  Time since last request: 6.110875 seconds.
  path: Assets/Weapons/Pan.prefab
  artifactKey: Guid(888ecc5492bd4794daec2e4f51731375) Importer(815301076,1909f56bfc062723c751e8b465ee728b)
Start importing Assets/Weapons/Pan.prefab using Guid(888ecc5492bd4794daec2e4f51731375) Importer(815301076,1909f56bfc062723c751e8b465ee728b)  -> (artifact id: '8081a8669c43d0f1a00c4bfed33b9209') in 0.140277 seconds 
========================================================================
Received Import Request.
  Time since last request: 4.385952 seconds.
  path: Assets/Sprites/Wall.png
  artifactKey: Guid(74e93f717845e1e4dad5ffde888d91ed) Importer(815301076,1909f56bfc062723c751e8b465ee728b)
Start importing Assets/Sprites/Wall.png using Guid(74e93f717845e1e4dad5ffde888d91ed) Importer(815301076,1909f56bfc062723c751e8b465ee728b)  -> (artifact id: '1ccc5215943eec7c0c9cdec5ab5e0610') in 0.014017 seconds 
========================================================================
Received Import Request.
  Time since last request: 0.807774 seconds.
  path: Assets/Sounds/ButtonClick.wav
  artifactKey: Guid(d2200a4c3d1b9e44bb6a4854298caca7) Importer(815301076,1909f56bfc062723c751e8b465ee728b)
Start importing Assets/Sounds/ButtonClick.wav using Guid(d2200a4c3d1b9e44bb6a4854298caca7) Importer(815301076,1909f56bfc062723c751e8b465ee728b)  -> (artifact id: '6df9804e2644c7477215509185672f1a') in 1.393162 seconds 
========================================================================
Received Import Request.
  Time since last request: 0.000048 seconds.
  path: Assets/Sounds/ChestClose.wav
  artifactKey: Guid(fca36975dfcfff7418e69d4e4332272d) Importer(815301076,1909f56bfc062723c751e8b465ee728b)
Start importing Assets/Sounds/ChestClose.wav using Guid(fca36975dfcfff7418e69d4e4332272d) Importer(815301076,1909f56bfc062723c751e8b465ee728b)  -> (artifact id: 'ea09f4a09fe6a2af08e0bd9494637372') in 0.006791 seconds 
========================================================================
Received Import Request.
  Time since last request: 0.000060 seconds.
  path: Assets/Sounds/GoblinDeath (1).wav
  artifactKey: Guid(a80db332b3a573a4cb6c31a4b279fcbd) Importer(815301076,1909f56bfc062723c751e8b465ee728b)
Start importing Assets/Sounds/GoblinDeath (1).wav using Guid(a80db332b3a573a4cb6c31a4b279fcbd) Importer(815301076,1909f56bfc062723c751e8b465ee728b)  -> (artifact id: '8b6692b0094f0ee7a383c68a09ab2eba') in 0.006398 seconds 
========================================================================
Received Import Request.
  Time since last request: 0.000043 seconds.
  path: Assets/Sounds/GameMusic.mp3
  artifactKey: Guid(289c3390e77335f4b9a65d83a166598c) Importer(815301076,1909f56bfc062723c751e8b465ee728b)
Start importing Assets/Sounds/GameMusic.mp3 using Guid(289c3390e77335f4b9a65d83a166598c) Importer(815301076,1909f56bfc062723c751e8b465ee728b)  -> (artifact id: 'c4267af60752a87630e8a064c1a2be2c') in 0.052125 seconds 
========================================================================
Received Import Request.
  Time since last request: 0.000056 seconds.
  path: Assets/Sounds/street_fighter_death.wav
  artifactKey: Guid(d524c43cf8977ba468574a477b88f7a3) Importer(815301076,1909f56bfc062723c751e8b465ee728b)
Start importing Assets/Sounds/street_fighter_death.wav using Guid(d524c43cf8977ba468574a477b88f7a3) Importer(815301076,1909f56bfc062723c751e8b465ee728b)  -> (artifact id: '947ca95bf5a1aa4d1e0eaa14182dc9c6') in 0.005489 seconds 
========================================================================
Received Import Request.
  Time since last request: 0.000071 seconds.
  path: Assets/Sounds/Slash.wav
  artifactKey: Guid(fb02958588420b840b2fcdc722416cba) Importer(815301076,1909f56bfc062723c751e8b465ee728b)
Start importing Assets/Sounds/Slash.wav using Guid(fb02958588420b840b2fcdc722416cba) Importer(815301076,1909f56bfc062723c751e8b465ee728b)  -> (artifact id: 'e3fdd3626762610c0892b9b39925b57f') in 0.005855 seconds 
========================================================================
Received Import Request.
  Time since last request: 0.000055 seconds.
  path: Assets/Sounds/PickUpWeapon.mp3
  artifactKey: Guid(2564e36059c197e4c86e52be38a3ef88) Importer(815301076,1909f56bfc062723c751e8b465ee728b)
Start importing Assets/Sounds/PickUpWeapon.mp3 using Guid(2564e36059c197e4c86e52be38a3ef88) Importer(815301076,1909f56bfc062723c751e8b465ee728b)  -> (artifact id: 'd0a87c640f5452fa9b8e531d0f0a692c') in 0.005455 seconds 
========================================================================
Received Import Request.
  Time since last request: 0.000055 seconds.
  path: Assets/Sounds/ChestOpen.wav
  artifactKey: Guid(adca1c6639d0d4a42994cae512fb4828) Importer(815301076,1909f56bfc062723c751e8b465ee728b)
Start importing Assets/Sounds/ChestOpen.wav using Guid(adca1c6639d0d4a42994cae512fb4828) Importer(815301076,1909f56bfc062723c751e8b465ee728b)  -> (artifact id: '83a0ab00ed3995f77b223ce52c39c981') in 0.007561 seconds 
========================================================================
Received Import Request.
  Time since last request: 0.000065 seconds.
  path: Assets/Sounds/Victory.wav
  artifactKey: Guid(b83385dcf13f18f4c8a75dc542af7e0a) Importer(815301076,1909f56bfc062723c751e8b465ee728b)
Start importing Assets/Sounds/Victory.wav using Guid(b83385dcf13f18f4c8a75dc542af7e0a) Importer(815301076,1909f56bfc062723c751e8b465ee728b)  -> (artifact id: 'e8e09cea65f467091363d43d2e51afec') in 0.007412 seconds 
========================================================================
Received Import Request.
  Time since last request: 0.000060 seconds.
  path: Assets/Sounds/ButtonHover.wav
  artifactKey: Guid(b71205ad1ad7cc347b4f56dfdf9f853b) Importer(815301076,1909f56bfc062723c751e8b465ee728b)
Start importing Assets/Sounds/ButtonHover.wav using Guid(b71205ad1ad7cc347b4f56dfdf9f853b) Importer(815301076,1909f56bfc062723c751e8b465ee728b)  -> (artifact id: 'a81a09de66f05c18918ca7846b01434d') in 0.005947 seconds 
========================================================================
Received Import Request.
  Time since last request: 0.000041 seconds.
  path: Assets/Sounds/GhostDeath.wav
  artifactKey: Guid(4bda45600ec49d44ab97b130b8e8edf0) Importer(815301076,1909f56bfc062723c751e8b465ee728b)
Start importing Assets/Sounds/GhostDeath.wav using Guid(4bda45600ec49d44ab97b130b8e8edf0) Importer(815301076,1909f56bfc062723c751e8b465ee728b)  -> (artifact id: '4670b532a1a8adef2e47c48506b34e1b') in 0.006021 seconds 
========================================================================
Received Import Request.
  Time since last request: 0.000055 seconds.
  path: Assets/Sounds/GhostHit.wav
  artifactKey: Guid(6dcf1a660c3158144ad48cb4a6acefb0) Importer(815301076,1909f56bfc062723c751e8b465ee728b)
Start importing Assets/Sounds/GhostHit.wav using Guid(6dcf1a660c3158144ad48cb4a6acefb0) Importer(815301076,1909f56bfc062723c751e8b465ee728b)  -> (artifact id: '35657fc2222611a134cf6db35f383ffb') in 0.005366 seconds 
========================================================================
Received Import Request.
  Time since last request: 0.000041 seconds.
  path: Assets/Sounds/GoblinKHit.wav
  artifactKey: Guid(353b6b734f83cc74281e95f1a7d22741) Importer(815301076,1909f56bfc062723c751e8b465ee728b)
Start importing Assets/Sounds/GoblinKHit.wav using Guid(353b6b734f83cc74281e95f1a7d22741) Importer(815301076,1909f56bfc062723c751e8b465ee728b)  -> (artifact id: '12b280ec203fa6550340f6b96ffd8e53') in 0.006288 seconds 
========================================================================
Received Import Request.
  Time since last request: 0.000053 seconds.
  path: Assets/Sounds/GoblinDeath.wav
  artifactKey: Guid(84f9b28edfea343439a9f734c17db131) Importer(815301076,1909f56bfc062723c751e8b465ee728b)
Start importing Assets/Sounds/GoblinDeath.wav using Guid(84f9b28edfea343439a9f734c17db131) Importer(815301076,1909f56bfc062723c751e8b465ee728b)  -> (artifact id: 'fe286384dc29e5c031cb985fdab881f4') in 0.005530 seconds 
========================================================================
Received Import Request.
  Time since last request: 0.000045 seconds.
  path: Assets/Sounds/GameOver.mp3
  artifactKey: Guid(57932e425d9d5444a80341e51f76a32e) Importer(815301076,1909f56bfc062723c751e8b465ee728b)
Start importing Assets/Sounds/GameOver.mp3 using Guid(57932e425d9d5444a80341e51f76a32e) Importer(815301076,1909f56bfc062723c751e8b465ee728b)  -> (artifact id: '64dcdc53fdcabeb9867d1892481b8980') in 0.006184 seconds 
========================================================================
Received Import Request.
  Time since last request: 0.000066 seconds.
  path: Assets/Sounds/PrincessHit.wav
  artifactKey: Guid(3c6be44139a030349b5eabba5e3bbc24) Importer(815301076,1909f56bfc062723c751e8b465ee728b)
Start importing Assets/Sounds/PrincessHit.wav using Guid(3c6be44139a030349b5eabba5e3bbc24) Importer(815301076,1909f56bfc062723c751e8b465ee728b)  -> (artifact id: 'fe6d58435f4935b7e01d710232f54dff') in 0.005098 seconds 
========================================================================
Received Import Request.
  Time since last request: 4.356658 seconds.
  path: Assets/SimpleFX/Models/FX_Lightray.fbx
  artifactKey: Guid(e27c39df43b866b469e491273c885c51) Importer(815301076,1909f56bfc062723c751e8b465ee728b)
Start importing Assets/SimpleFX/Models/FX_Lightray.fbx using Guid(e27c39df43b866b469e491273c885c51) Importer(815301076,1909f56bfc062723c751e8b465ee728b)  -> (artifact id: '6d3f0887f5a0cba86cc3e0850ff32e0c') in 0.301618 seconds 
========================================================================
Received Import Request.
  Time since last request: 0.000057 seconds.
  path: Assets/SimpleFX/Models/FX_PoolSplash_03.fbx
  artifactKey: Guid(104d9f0364dc5e8438f4350ff7e726dd) Importer(815301076,1909f56bfc062723c751e8b465ee728b)
Start importing Assets/SimpleFX/Models/FX_PoolSplash_03.fbx using Guid(104d9f0364dc5e8438f4350ff7e726dd) Importer(815301076,1909f56bfc062723c751e8b465ee728b)  -> (artifact id: '752c9265c79e1148b5a719ccda92d8aa') in 0.027881 seconds 
========================================================================
Received Import Request.
  Time since last request: 1.694954 seconds.
  path: Assets/SimpleFX/Materials/FX_Glow.mat
  artifactKey: Guid(040cfa3c61ad57946ae16c627e338920) Importer(815301076,1909f56bfc062723c751e8b465ee728b)
Start importing Assets/SimpleFX/Materials/FX_Glow.mat using Guid(040cfa3c61ad57946ae16c627e338920) Importer(815301076,1909f56bfc062723c751e8b465ee728b)  -> (artifact id: '806fbe0aa1b05962e70d7be6134c3369') in 0.044153 seconds 
========================================================================
Received Import Request.
  Time since last request: 0.000067 seconds.
  path: Assets/SimpleFX/Materials/FX_Lightray.mat
  artifactKey: Guid(7e0b60daf18511249a209d52beda2988) Importer(815301076,1909f56bfc062723c751e8b465ee728b)
Start importing Assets/SimpleFX/Materials/FX_Lightray.mat using Guid(7e0b60daf18511249a209d52beda2988) Importer(815301076,1909f56bfc062723c751e8b465ee728b)  -> (artifact id: '50312067d3624d2f187e3b48a56343f4') in 0.054311 seconds 
========================================================================
Received Import Request.
  Time since last request: 0.001711 seconds.
  path: Assets/SimpleFX/Materials/FX_GunFlash.mat
  artifactKey: Guid(f1b0fea076fb0574d868f6e3d9523f52) Importer(815301076,1909f56bfc062723c751e8b465ee728b)
Start importing Assets/SimpleFX/Materials/FX_GunFlash.mat using Guid(f1b0fea076fb0574d868f6e3d9523f52) Importer(815301076,1909f56bfc062723c751e8b465ee728b)  -> (artifact id: '82d5db90aa8d1c35937e0291526349b9') in 0.008005 seconds 
========================================================================
Received Import Request.
  Time since last request: 0.000503 seconds.
  path: Assets/SimpleFX/Materials/FX_Splash.mat
  artifactKey: Guid(1ee00051305bdb049b02c923f047227d) Importer(815301076,1909f56bfc062723c751e8b465ee728b)
Start importing Assets/SimpleFX/Materials/FX_Splash.mat using Guid(1ee00051305bdb049b02c923f047227d) Importer(815301076,1909f56bfc062723c751e8b465ee728b)  -> (artifact id: '7c2669674b6f0030da33a2d5055c2dc8') in 0.006290 seconds 
========================================================================
Received Import Request.
  Time since last request: 0.000072 seconds.
  path: Assets/SimpleFX/Materials/FX_Rubble.mat
  artifactKey: Guid(7a9bced7715b2c047b5413e33bc60d5c) Importer(815301076,1909f56bfc062723c751e8b465ee728b)
Start importing Assets/SimpleFX/Materials/FX_Rubble.mat using Guid(7a9bced7715b2c047b5413e33bc60d5c) Importer(815301076,1909f56bfc062723c751e8b465ee728b)  -> (artifact id: '2e72c1b5c6bff6887819a4c432c024cf') in 0.006974 seconds 
========================================================================
Received Import Request.
  Time since last request: 10.460882 seconds.
  path: Assets/Scenes/StartScene/ReflectionProbe-0.exr
  artifactKey: Guid(491d9db8f674d604eb50e74577904905) Importer(815301076,1909f56bfc062723c751e8b465ee728b)
Start importing Assets/Scenes/StartScene/ReflectionProbe-0.exr using Guid(491d9db8f674d604eb50e74577904905) Importer(815301076,1909f56bfc062723c751e8b465ee728b)  -> (artifact id: 'efb7faff2b20121613d3b73ab3ebbcc7') in 0.010616 seconds 
========================================================================
Received Import Request.
  Time since last request: 0.634228 seconds.
  path: Assets/Scenes/PlayerTest/NavMesh-NavMesh Surface.asset
  artifactKey: Guid(2a49675be79d5c3459221a57456d44e4) Importer(815301076,1909f56bfc062723c751e8b465ee728b)
Start importing Assets/Scenes/PlayerTest/NavMesh-NavMesh Surface.asset using Guid(2a49675be79d5c3459221a57456d44e4) Importer(815301076,1909f56bfc062723c751e8b465ee728b)  -> (artifact id: '253f8101f1ffd891b24c2809ba680865') in 0.036822 seconds 
========================================================================
Received Import Request.
  Time since last request: 14.995080 seconds.
  path: Assets/Prefabs/bone.prefab
  artifactKey: Guid(b768680709812f74bab41ad112f2b4f9) Importer(815301076,1909f56bfc062723c751e8b465ee728b)
Start importing Assets/Prefabs/bone.prefab using Guid(b768680709812f74bab41ad112f2b4f9) Importer(815301076,1909f56bfc062723c751e8b465ee728b)  -> (artifact id: '1b1a6d17d588a6521139e5712137f4c1') in 0.021120 seconds 
========================================================================
Received Import Request.
  Time since last request: 0.000051 seconds.
  path: Assets/Prefabs/LevelLoader.prefab
  artifactKey: Guid(0eb48f542f9cde841b58ea9e83a200df) Importer(815301076,1909f56bfc062723c751e8b465ee728b)
Start importing Assets/Prefabs/LevelLoader.prefab using Guid(0eb48f542f9cde841b58ea9e83a200df) Importer(815301076,1909f56bfc062723c751e8b465ee728b)  -> (artifact id: 'c75af4f62322124360aaeed3506bc23b') in 0.005394 seconds 
========================================================================
Received Import Request.
  Time since last request: 0.000488 seconds.
  path: Assets/Prefabs/Boss 1.prefab
  artifactKey: Guid(f9619d0a562a6e947b9adaa0044bd64f) Importer(815301076,1909f56bfc062723c751e8b465ee728b)
Start importing Assets/Prefabs/Boss 1.prefab using Guid(f9619d0a562a6e947b9adaa0044bd64f) Importer(815301076,1909f56bfc062723c751e8b465ee728b)  -> (artifact id: '502c2dd2979dec9e2d98d2183434e552') in 0.010182 seconds 
========================================================================
Received Import Request.
  Time since last request: 0.000066 seconds.
  path: Assets/Prefabs/LB.prefab
  artifactKey: Guid(96cbb82819b10f14eb4a551f8048e96c) Importer(815301076,1909f56bfc062723c751e8b465ee728b)
Start importing Assets/Prefabs/LB.prefab using Guid(96cbb82819b10f14eb4a551f8048e96c) Importer(815301076,1909f56bfc062723c751e8b465ee728b)  -> (artifact id: '67d5dc82051265cb05661b93456d03a4') in 0.022535 seconds 
========================================================================
Received Import Request.
  Time since last request: 0.000134 seconds.
  path: Assets/Prefabs/Entry Room.prefab
  artifactKey: Guid(10c65f0c164d2e04e9c3daf97304609a) Importer(815301076,1909f56bfc062723c751e8b465ee728b)
Start importing Assets/Prefabs/Entry Room.prefab using Guid(10c65f0c164d2e04e9c3daf97304609a) Importer(815301076,1909f56bfc062723c751e8b465ee728b)  -> (artifact id: '7aca5ecec0d32d2c5edf380feb4c1d35') in 0.020358 seconds 
========================================================================
Received Import Request.
  Time since last request: 0.000066 seconds.
  path: Assets/Prefabs/Chest.prefab
  artifactKey: Guid(ed12da03e5739ef4382751f09682b400) Importer(815301076,1909f56bfc062723c751e8b465ee728b)
Start importing Assets/Prefabs/Chest.prefab using Guid(ed12da03e5739ef4382751f09682b400) Importer(815301076,1909f56bfc062723c751e8b465ee728b)  -> (artifact id: '48d6916a2f8d31988ddd364e22a909d9') in 0.008061 seconds 
========================================================================
Received Import Request.
  Time since last request: 0.000082 seconds.
  path: Assets/Prefabs/TrapDoor.prefab
  artifactKey: Guid(4f3aafd3e3e45eb4598e30df700aa3de) Importer(815301076,1909f56bfc062723c751e8b465ee728b)
Start importing Assets/Prefabs/TrapDoor.prefab using Guid(4f3aafd3e3e45eb4598e30df700aa3de) Importer(815301076,1909f56bfc062723c751e8b465ee728b)  -> (artifact id: 'e4f9045bf13a126c3c0ec4aa783673ad') in 0.008652 seconds 
========================================================================
Received Import Request.
  Time since last request: 0.000067 seconds.
  path: Assets/Prefabs/GameObject.prefab
  artifactKey: Guid(43253a5216be4f14783fa16bf7ff27a9) Importer(815301076,1909f56bfc062723c751e8b465ee728b)
Start importing Assets/Prefabs/GameObject.prefab using Guid(43253a5216be4f14783fa16bf7ff27a9) Importer(815301076,1909f56bfc062723c751e8b465ee728b)  -> (artifact id: 'c5b53fbf0d222ba7246acd63664a5252') in 0.002305 seconds 
========================================================================
Received Import Request.
  Time since last request: 0.000053 seconds.
  path: Assets/Prefabs/TB.prefab
  artifactKey: Guid(0c31457eebf9a2d4a972d7ccf023a560) Importer(815301076,1909f56bfc062723c751e8b465ee728b)
Start importing Assets/Prefabs/TB.prefab using Guid(0c31457eebf9a2d4a972d7ccf023a560) Importer(815301076,1909f56bfc062723c751e8b465ee728b)  -> (artifact id: '7cc24370996825f545361821f4287fcc') in 0.013963 seconds 
========================================================================
Received Import Request.
  Time since last request: 0.000046 seconds.
  path: Assets/Prefabs/HeartPickUp.prefab
  artifactKey: Guid(036c410747d939f41a73c76a9e675e27) Importer(815301076,1909f56bfc062723c751e8b465ee728b)
Start importing Assets/Prefabs/HeartPickUp.prefab using Guid(036c410747d939f41a73c76a9e675e27) Importer(815301076,1909f56bfc062723c751e8b465ee728b)  -> (artifact id: 'eab833b197dadb4f64094f11a835644d') in 0.007071 seconds 
========================================================================
Received Import Request.
  Time since last request: 0.000079 seconds.
  path: Assets/Prefabs/Ghost.prefab
  artifactKey: Guid(f3684460cf4969f42b77be02dc585498) Importer(815301076,1909f56bfc062723c751e8b465ee728b)
Start importing Assets/Prefabs/Ghost.prefab using Guid(f3684460cf4969f42b77be02dc585498) Importer(815301076,1909f56bfc062723c751e8b465ee728b)  -> (artifact id: '36dd91f581d047b31b1848e9bf490699') in 0.009591 seconds 
========================================================================
Received Import Request.
  Time since last request: 0.000053 seconds.
  path: Assets/Prefabs/GoblinBoss.prefab
  artifactKey: Guid(3195e16fb056690419642b135552cc5c) Importer(815301076,1909f56bfc062723c751e8b465ee728b)
Start importing Assets/Prefabs/GoblinBoss.prefab using Guid(3195e16fb056690419642b135552cc5c) Importer(815301076,1909f56bfc062723c751e8b465ee728b)  -> (artifact id: 'c8f7a74b8027e7b0bab5d2e4522f5662') in 0.007235 seconds 
========================================================================
Received Import Request.
  Time since last request: 0.000059 seconds.
  path: Assets/Prefabs/TL.prefab
  artifactKey: Guid(8d3b3801dbf17644ea3541d229fa3c26) Importer(815301076,1909f56bfc062723c751e8b465ee728b)
Start importing Assets/Prefabs/TL.prefab using Guid(8d3b3801dbf17644ea3541d229fa3c26) Importer(815301076,1909f56bfc062723c751e8b465ee728b)  -> (artifact id: '489975928518eddc24c2d4c1c693ba14') in 0.015171 seconds 
========================================================================
Received Import Request.
  Time since last request: 0.000073 seconds.
  path: Assets/Prefabs/Slime.prefab
  artifactKey: Guid(40b5e477b77a4994eb7e3b30ffb69f9f) Importer(815301076,1909f56bfc062723c751e8b465ee728b)
Start importing Assets/Prefabs/Slime.prefab using Guid(40b5e477b77a4994eb7e3b30ffb69f9f) Importer(815301076,1909f56bfc062723c751e8b465ee728b)  -> (artifact id: '701059177d09dea013fcf944629f4425') in 0.010574 seconds 
